[2020-06-02T11:59:50.979] [WARN] default - ::1 - - "GET /adminn HTTP/1.1" 301 179 "" "Mozilla/5.0 (Windows NT 6.1; Win64; x64) AppleWebKit/537.36 (KHTML, like Gecko) Chrome/83.0.4103.61 Safari/537.36"
[2020-06-02T11:59:50.984] [WARN] default - ::1 - - "GET /adminn/ HTTP/1.1" 304 - "" "Mozilla/5.0 (Windows NT 6.1; Win64; x64) AppleWebKit/537.36 (KHTML, like Gecko) Chrome/83.0.4103.61 Safari/537.36"
[2020-06-02T11:59:51.024] [WARN] default - ::1 - - "GET /adminn/static/css/app.d121765e895b40678f52b91850928e07.css HTTP/1.1" 304 - "http://localhost:8060/adminn/" "Mozilla/5.0 (Windows NT 6.1; Win64; x64) AppleWebKit/537.36 (KHTML, like Gecko) Chrome/83.0.4103.61 Safari/537.36"
[2020-06-02T11:59:51.025] [WARN] default - ::1 - - "GET /adminn/static/js/manifest.0e908964557ecabaac0a.js HTTP/1.1" 304 - "http://localhost:8060/adminn/" "Mozilla/5.0 (Windows NT 6.1; Win64; x64) AppleWebKit/537.36 (KHTML, like Gecko) Chrome/83.0.4103.61 Safari/537.36"
[2020-06-02T11:59:51.028] [WARN] default - ::1 - - "GET /adminn/static/js/vendor.4334dc3262b65d602c6f.js HTTP/1.1" 304 - "http://localhost:8060/adminn/" "Mozilla/5.0 (Windows NT 6.1; Win64; x64) AppleWebKit/537.36 (KHTML, like Gecko) Chrome/83.0.4103.61 Safari/537.36"
[2020-06-02T11:59:51.029] [WARN] default - ::1 - - "GET /adminn/static/js/app.3c25238e860faad007fc.js HTTP/1.1" 304 - "http://localhost:8060/adminn/" "Mozilla/5.0 (Windows NT 6.1; Win64; x64) AppleWebKit/537.36 (KHTML, like Gecko) Chrome/83.0.4103.61 Safari/537.36"
[2020-06-02T11:59:54.091] [WARN] default - ::1 - - "GET /adminn/static/fonts/element-icons.535877f.woff HTTP/1.1" 304 - "http://localhost:8060/adminn/static/css/app.d121765e895b40678f52b91850928e07.css" "Mozilla/5.0 (Windows NT 6.1; Win64; x64) AppleWebKit/537.36 (KHTML, like Gecko) Chrome/83.0.4103.61 Safari/537.36"
[2020-06-02T11:59:54.174] [INFO] default - ::1 - - "POST /admin/login/signin HTTP/1.1" 200 132 "http://localhost:8060/adminn/login?redirect=%2Fproject%2F" "Mozilla/5.0 (Windows NT 6.1; Win64; x64) AppleWebKit/537.36 (KHTML, like Gecko) Chrome/83.0.4103.61 Safari/537.36"
[2020-06-02T11:59:54.185] [WARN] default - ::1 - - "GET /adminn/static/js/0.921746e94df4fa96431c.js HTTP/1.1" 304 - "http://localhost:8060/adminn/login?redirect=%2Fproject%2F" "Mozilla/5.0 (Windows NT 6.1; Win64; x64) AppleWebKit/537.36 (KHTML, like Gecko) Chrome/83.0.4103.61 Safari/537.36"
[2020-06-02T11:59:54.313] [WARN] default - ::1 - - "GET /adminn/static/img/logo.512.a5d1d1f.png HTTP/1.1" 304 - "http://localhost:8060/adminn/project/" "Mozilla/5.0 (Windows NT 6.1; Win64; x64) AppleWebKit/537.36 (KHTML, like Gecko) Chrome/83.0.4103.61 Safari/537.36"
[2020-06-02T11:59:54.335] [WARN] default - ::1 - - "GET /admin/project/list HTTP/1.1" 304 - "http://localhost:8060/adminn/project/" "Mozilla/5.0 (Windows NT 6.1; Win64; x64) AppleWebKit/537.36 (KHTML, like Gecko) Chrome/83.0.4103.61 Safari/537.36"
[2020-06-02T14:37:35.624] [WARN] default - ::1 - - "GET /adminn/static/css/app.d121765e895b40678f52b91850928e07.css HTTP/1.1" 304 - "http://localhost:8060/adminn/project/" "Mozilla/5.0 (Windows NT 6.1; Win64; x64) AppleWebKit/537.36 (KHTML, like Gecko) Chrome/83.0.4103.61 Safari/537.36"
[2020-06-02T14:37:40.428] [INFO] default - ::1 - - "GET /adminn/project/ HTTP/1.1" 200 - "" "Mozilla/5.0 (Windows NT 6.1; Win64; x64) AppleWebKit/537.36 (KHTML, like Gecko) Chrome/83.0.4103.61 Safari/537.36"
[2020-06-02T14:37:40.456] [WARN] default - ::1 - - "GET /adminn/static/css/app.d121765e895b40678f52b91850928e07.css HTTP/1.1" 304 - "http://localhost:8060/adminn/project/" "Mozilla/5.0 (Windows NT 6.1; Win64; x64) AppleWebKit/537.36 (KHTML, like Gecko) Chrome/83.0.4103.61 Safari/537.36"
[2020-06-02T14:37:40.458] [WARN] default - ::1 - - "GET /adminn/static/js/manifest.0e908964557ecabaac0a.js HTTP/1.1" 304 - "http://localhost:8060/adminn/project/" "Mozilla/5.0 (Windows NT 6.1; Win64; x64) AppleWebKit/537.36 (KHTML, like Gecko) Chrome/83.0.4103.61 Safari/537.36"
[2020-06-02T14:37:40.460] [WARN] default - ::1 - - "GET /adminn/static/js/vendor.4334dc3262b65d602c6f.js HTTP/1.1" 304 - "http://localhost:8060/adminn/project/" "Mozilla/5.0 (Windows NT 6.1; Win64; x64) AppleWebKit/537.36 (KHTML, like Gecko) Chrome/83.0.4103.61 Safari/537.36"
[2020-06-02T14:37:40.460] [WARN] default - ::1 - - "GET /adminn/static/js/app.3c25238e860faad007fc.js HTTP/1.1" 304 - "http://localhost:8060/adminn/project/" "Mozilla/5.0 (Windows NT 6.1; Win64; x64) AppleWebKit/537.36 (KHTML, like Gecko) Chrome/83.0.4103.61 Safari/537.36"
[2020-06-02T14:37:40.882] [WARN] default - ::1 - - "GET /favicon.ico HTTP/1.1" 304 - "http://localhost:8060/adminn/login?redirect=%2Fproject%2F" "Mozilla/5.0 (Windows NT 6.1; Win64; x64) AppleWebKit/537.36 (KHTML, like Gecko) Chrome/83.0.4103.61 Safari/537.36"
[2020-06-02T14:37:42.216] [WARN] default - ::1 - - "GET /adminn/static/fonts/element-icons.535877f.woff HTTP/1.1" 304 - "http://localhost:8060/adminn/static/css/app.d121765e895b40678f52b91850928e07.css" "Mozilla/5.0 (Windows NT 6.1; Win64; x64) AppleWebKit/537.36 (KHTML, like Gecko) Chrome/83.0.4103.61 Safari/537.36"
[2020-06-02T14:37:42.277] [INFO] default - ::1 - - "POST /admin/login/signin HTTP/1.1" 200 132 "http://localhost:8060/adminn/login?redirect=%2Fproject%2F" "Mozilla/5.0 (Windows NT 6.1; Win64; x64) AppleWebKit/537.36 (KHTML, like Gecko) Chrome/83.0.4103.61 Safari/537.36"
[2020-06-02T14:37:42.289] [WARN] default - ::1 - - "GET /adminn/static/js/0.921746e94df4fa96431c.js HTTP/1.1" 304 - "http://localhost:8060/adminn/login?redirect=%2Fproject%2F" "Mozilla/5.0 (Windows NT 6.1; Win64; x64) AppleWebKit/537.36 (KHTML, like Gecko) Chrome/83.0.4103.61 Safari/537.36"
[2020-06-02T14:37:42.385] [WARN] default - ::1 - - "GET /adminn/static/img/logo.512.a5d1d1f.png HTTP/1.1" 304 - "http://localhost:8060/adminn/project/" "Mozilla/5.0 (Windows NT 6.1; Win64; x64) AppleWebKit/537.36 (KHTML, like Gecko) Chrome/83.0.4103.61 Safari/537.36"
[2020-06-02T14:37:42.391] [WARN] default - ::1 - - "GET /admin/project/list HTTP/1.1" 304 - "http://localhost:8060/adminn/project/" "Mozilla/5.0 (Windows NT 6.1; Win64; x64) AppleWebKit/537.36 (KHTML, like Gecko) Chrome/83.0.4103.61 Safari/537.36"
[2020-06-02T15:01:58.282] [INFO] default - ::1 - - "GET /adminn/project/ HTTP/1.1" 200 - "" "Mozilla/5.0 (Windows NT 6.1; Win64; x64) AppleWebKit/537.36 (KHTML, like Gecko) Chrome/83.0.4103.61 Safari/537.36"
[2020-06-02T15:01:58.319] [WARN] default - ::1 - - "GET /adminn/static/css/app.d121765e895b40678f52b91850928e07.css HTTP/1.1" 304 - "http://localhost:8060/adminn/project/" "Mozilla/5.0 (Windows NT 6.1; Win64; x64) AppleWebKit/537.36 (KHTML, like Gecko) Chrome/83.0.4103.61 Safari/537.36"
[2020-06-02T15:01:58.320] [WARN] default - ::1 - - "GET /adminn/static/js/manifest.0e908964557ecabaac0a.js HTTP/1.1" 304 - "http://localhost:8060/adminn/project/" "Mozilla/5.0 (Windows NT 6.1; Win64; x64) AppleWebKit/537.36 (KHTML, like Gecko) Chrome/83.0.4103.61 Safari/537.36"
[2020-06-02T15:01:58.322] [WARN] default - ::1 - - "GET /adminn/static/js/vendor.4334dc3262b65d602c6f.js HTTP/1.1" 304 - "http://localhost:8060/adminn/project/" "Mozilla/5.0 (Windows NT 6.1; Win64; x64) AppleWebKit/537.36 (KHTML, like Gecko) Chrome/83.0.4103.61 Safari/537.36"
[2020-06-02T15:01:58.323] [WARN] default - ::1 - - "GET /adminn/static/js/app.3c25238e860faad007fc.js HTTP/1.1" 304 - "http://localhost:8060/adminn/project/" "Mozilla/5.0 (Windows NT 6.1; Win64; x64) AppleWebKit/537.36 (KHTML, like Gecko) Chrome/83.0.4103.61 Safari/537.36"
[2020-06-02T15:01:58.763] [WARN] default - ::1 - - "GET /adminn/static/js/0.921746e94df4fa96431c.js HTTP/1.1" 304 - "http://localhost:8060/adminn/project/" "Mozilla/5.0 (Windows NT 6.1; Win64; x64) AppleWebKit/537.36 (KHTML, like Gecko) Chrome/83.0.4103.61 Safari/537.36"
[2020-06-02T15:01:58.794] [WARN] default - ::1 - - "GET /adminn/static/img/logo.512.a5d1d1f.png HTTP/1.1" 304 - "http://localhost:8060/adminn/project/" "Mozilla/5.0 (Windows NT 6.1; Win64; x64) AppleWebKit/537.36 (KHTML, like Gecko) Chrome/83.0.4103.61 Safari/537.36"
[2020-06-02T15:01:58.866] [WARN] default - ::1 - - "GET /adminn/static/fonts/element-icons.535877f.woff HTTP/1.1" 304 - "http://localhost:8060/adminn/static/css/app.d121765e895b40678f52b91850928e07.css" "Mozilla/5.0 (Windows NT 6.1; Win64; x64) AppleWebKit/537.36 (KHTML, like Gecko) Chrome/83.0.4103.61 Safari/537.36"
[2020-06-02T15:01:58.903] [INFO] default - ::1 - - "GET /admin/project/list HTTP/1.1" 200 35 "http://localhost:8060/adminn/project/" "Mozilla/5.0 (Windows NT 6.1; Win64; x64) AppleWebKit/537.36 (KHTML, like Gecko) Chrome/83.0.4103.61 Safari/537.36"
[2020-06-02T15:01:58.958] [INFO] default - ::1 - - "GET /favicon.ico HTTP/1.1" 200 67646 "http://localhost:8060/adminn/project/" "Mozilla/5.0 (Windows NT 6.1; Win64; x64) AppleWebKit/537.36 (KHTML, like Gecko) Chrome/83.0.4103.61 Safari/537.36"
[2020-06-02T15:02:01.669] [INFO] default - ::1 - - "GET /adminn/project/ HTTP/1.1" 200 - "http://localhost:8060/adminn/project/" "Mozilla/5.0 (Windows NT 6.1; Win64; x64) AppleWebKit/537.36 (KHTML, like Gecko) Chrome/83.0.4103.61 Safari/537.36"
[2020-06-02T15:02:01.699] [WARN] default - ::1 - - "GET /adminn/static/css/app.d121765e895b40678f52b91850928e07.css HTTP/1.1" 304 - "http://localhost:8060/adminn/project/" "Mozilla/5.0 (Windows NT 6.1; Win64; x64) AppleWebKit/537.36 (KHTML, like Gecko) Chrome/83.0.4103.61 Safari/537.36"
[2020-06-02T15:02:01.699] [WARN] default - ::1 - - "GET /adminn/static/js/manifest.0e908964557ecabaac0a.js HTTP/1.1" 304 - "http://localhost:8060/adminn/project/" "Mozilla/5.0 (Windows NT 6.1; Win64; x64) AppleWebKit/537.36 (KHTML, like Gecko) Chrome/83.0.4103.61 Safari/537.36"
[2020-06-02T15:02:01.700] [WARN] default - ::1 - - "GET /adminn/static/js/vendor.4334dc3262b65d602c6f.js HTTP/1.1" 304 - "http://localhost:8060/adminn/project/" "Mozilla/5.0 (Windows NT 6.1; Win64; x64) AppleWebKit/537.36 (KHTML, like Gecko) Chrome/83.0.4103.61 Safari/537.36"
[2020-06-02T15:02:01.701] [WARN] default - ::1 - - "GET /adminn/static/js/app.3c25238e860faad007fc.js HTTP/1.1" 304 - "http://localhost:8060/adminn/project/" "Mozilla/5.0 (Windows NT 6.1; Win64; x64) AppleWebKit/537.36 (KHTML, like Gecko) Chrome/83.0.4103.61 Safari/537.36"
[2020-06-02T15:02:03.455] [WARN] default - ::1 - - "GET /adminn/static/fonts/element-icons.535877f.woff HTTP/1.1" 304 - "http://localhost:8060/adminn/static/css/app.d121765e895b40678f52b91850928e07.css" "Mozilla/5.0 (Windows NT 6.1; Win64; x64) AppleWebKit/537.36 (KHTML, like Gecko) Chrome/83.0.4103.61 Safari/537.36"
[2020-06-02T15:02:03.570] [INFO] default - ::1 - - "POST /admin/login/signin HTTP/1.1" 200 132 "http://localhost:8060/adminn/login?redirect=%2Fproject%2F" "Mozilla/5.0 (Windows NT 6.1; Win64; x64) AppleWebKit/537.36 (KHTML, like Gecko) Chrome/83.0.4103.61 Safari/537.36"
[2020-06-02T15:02:03.591] [WARN] default - ::1 - - "GET /adminn/static/js/0.921746e94df4fa96431c.js HTTP/1.1" 304 - "http://localhost:8060/adminn/login?redirect=%2Fproject%2F" "Mozilla/5.0 (Windows NT 6.1; Win64; x64) AppleWebKit/537.36 (KHTML, like Gecko) Chrome/83.0.4103.61 Safari/537.36"
[2020-06-02T15:02:03.615] [WARN] default - ::1 - - "GET /adminn/static/img/logo.512.a5d1d1f.png HTTP/1.1" 304 - "http://localhost:8060/adminn/project/" "Mozilla/5.0 (Windows NT 6.1; Win64; x64) AppleWebKit/537.36 (KHTML, like Gecko) Chrome/83.0.4103.61 Safari/537.36"
[2020-06-02T15:02:03.717] [INFO] default - ::1 - - "GET /admin/project/list HTTP/1.1" 200 38 "http://localhost:8060/adminn/project/" "Mozilla/5.0 (Windows NT 6.1; Win64; x64) AppleWebKit/537.36 (KHTML, like Gecko) Chrome/83.0.4103.61 Safari/537.36"
[2020-06-02T15:03:48.912] [INFO] default - ::1 - - "GET /adminn/project/ HTTP/1.1" 200 - "http://localhost:8060/adminn/login?redirect=%2Fproject%2F" "Mozilla/5.0 (Windows NT 6.1; Win64; x64) AppleWebKit/537.36 (KHTML, like Gecko) Chrome/83.0.4103.61 Safari/537.36"
[2020-06-02T15:03:48.939] [WARN] default - ::1 - - "GET /adminn/static/css/app.d121765e895b40678f52b91850928e07.css HTTP/1.1" 304 - "http://localhost:8060/adminn/project/" "Mozilla/5.0 (Windows NT 6.1; Win64; x64) AppleWebKit/537.36 (KHTML, like Gecko) Chrome/83.0.4103.61 Safari/537.36"
[2020-06-02T15:03:48.940] [WARN] default - ::1 - - "GET /adminn/static/js/manifest.0e908964557ecabaac0a.js HTTP/1.1" 304 - "http://localhost:8060/adminn/project/" "Mozilla/5.0 (Windows NT 6.1; Win64; x64) AppleWebKit/537.36 (KHTML, like Gecko) Chrome/83.0.4103.61 Safari/537.36"
[2020-06-02T15:03:48.941] [WARN] default - ::1 - - "GET /adminn/static/js/vendor.4334dc3262b65d602c6f.js HTTP/1.1" 304 - "http://localhost:8060/adminn/project/" "Mozilla/5.0 (Windows NT 6.1; Win64; x64) AppleWebKit/537.36 (KHTML, like Gecko) Chrome/83.0.4103.61 Safari/537.36"
[2020-06-02T15:03:48.944] [WARN] default - ::1 - - "GET /adminn/static/js/app.3c25238e860faad007fc.js HTTP/1.1" 304 - "http://localhost:8060/adminn/project/" "Mozilla/5.0 (Windows NT 6.1; Win64; x64) AppleWebKit/537.36 (KHTML, like Gecko) Chrome/83.0.4103.61 Safari/537.36"
[2020-06-02T15:03:49.344] [WARN] default - ::1 - - "GET /adminn/static/js/0.921746e94df4fa96431c.js HTTP/1.1" 304 - "http://localhost:8060/adminn/project/" "Mozilla/5.0 (Windows NT 6.1; Win64; x64) AppleWebKit/537.36 (KHTML, like Gecko) Chrome/83.0.4103.61 Safari/537.36"
[2020-06-02T15:03:49.374] [WARN] default - ::1 - - "GET /adminn/static/img/logo.512.a5d1d1f.png HTTP/1.1" 304 - "http://localhost:8060/adminn/project/" "Mozilla/5.0 (Windows NT 6.1; Win64; x64) AppleWebKit/537.36 (KHTML, like Gecko) Chrome/83.0.4103.61 Safari/537.36"
[2020-06-02T15:03:49.440] [WARN] default - ::1 - - "GET /adminn/static/fonts/element-icons.535877f.woff HTTP/1.1" 304 - "http://localhost:8060/adminn/static/css/app.d121765e895b40678f52b91850928e07.css" "Mozilla/5.0 (Windows NT 6.1; Win64; x64) AppleWebKit/537.36 (KHTML, like Gecko) Chrome/83.0.4103.61 Safari/537.36"
[2020-06-02T15:03:49.467] [INFO] default - ::1 - - "GET /admin/project/list HTTP/1.1" 200 35 "http://localhost:8060/adminn/project/" "Mozilla/5.0 (Windows NT 6.1; Win64; x64) AppleWebKit/537.36 (KHTML, like Gecko) Chrome/83.0.4103.61 Safari/537.36"
[2020-06-02T15:03:49.525] [INFO] default - ::1 - - "GET /favicon.ico HTTP/1.1" 200 67646 "http://localhost:8060/adminn/project/" "Mozilla/5.0 (Windows NT 6.1; Win64; x64) AppleWebKit/537.36 (KHTML, like Gecko) Chrome/83.0.4103.61 Safari/537.36"
[2020-06-02T15:03:50.819] [INFO] default - ::1 - - "GET /adminn/project/ HTTP/1.1" 200 - "http://localhost:8060/adminn/project/" "Mozilla/5.0 (Windows NT 6.1; Win64; x64) AppleWebKit/537.36 (KHTML, like Gecko) Chrome/83.0.4103.61 Safari/537.36"
[2020-06-02T15:03:50.845] [WARN] default - ::1 - - "GET /adminn/static/css/app.d121765e895b40678f52b91850928e07.css HTTP/1.1" 304 - "http://localhost:8060/adminn/project/" "Mozilla/5.0 (Windows NT 6.1; Win64; x64) AppleWebKit/537.36 (KHTML, like Gecko) Chrome/83.0.4103.61 Safari/537.36"
[2020-06-02T15:03:50.846] [WARN] default - ::1 - - "GET /adminn/static/js/manifest.0e908964557ecabaac0a.js HTTP/1.1" 304 - "http://localhost:8060/adminn/project/" "Mozilla/5.0 (Windows NT 6.1; Win64; x64) AppleWebKit/537.36 (KHTML, like Gecko) Chrome/83.0.4103.61 Safari/537.36"
[2020-06-02T15:03:50.847] [WARN] default - ::1 - - "GET /adminn/static/js/vendor.4334dc3262b65d602c6f.js HTTP/1.1" 304 - "http://localhost:8060/adminn/project/" "Mozilla/5.0 (Windows NT 6.1; Win64; x64) AppleWebKit/537.36 (KHTML, like Gecko) Chrome/83.0.4103.61 Safari/537.36"
[2020-06-02T15:03:50.848] [WARN] default - ::1 - - "GET /adminn/static/js/app.3c25238e860faad007fc.js HTTP/1.1" 304 - "http://localhost:8060/adminn/project/" "Mozilla/5.0 (Windows NT 6.1; Win64; x64) AppleWebKit/537.36 (KHTML, like Gecko) Chrome/83.0.4103.61 Safari/537.36"
[2020-06-02T15:03:52.629] [WARN] default - ::1 - - "GET /adminn/static/fonts/element-icons.535877f.woff HTTP/1.1" 304 - "http://localhost:8060/adminn/static/css/app.d121765e895b40678f52b91850928e07.css" "Mozilla/5.0 (Windows NT 6.1; Win64; x64) AppleWebKit/537.36 (KHTML, like Gecko) Chrome/83.0.4103.61 Safari/537.36"
[2020-06-02T15:03:52.720] [INFO] default - ::1 - - "POST /admin/login/signin HTTP/1.1" 200 132 "http://localhost:8060/adminn/login?redirect=%2Fproject%2F" "Mozilla/5.0 (Windows NT 6.1; Win64; x64) AppleWebKit/537.36 (KHTML, like Gecko) Chrome/83.0.4103.61 Safari/537.36"
[2020-06-02T15:03:52.739] [WARN] default - ::1 - - "GET /adminn/static/js/0.921746e94df4fa96431c.js HTTP/1.1" 304 - "http://localhost:8060/adminn/login?redirect=%2Fproject%2F" "Mozilla/5.0 (Windows NT 6.1; Win64; x64) AppleWebKit/537.36 (KHTML, like Gecko) Chrome/83.0.4103.61 Safari/537.36"
[2020-06-02T15:03:52.764] [WARN] default - ::1 - - "GET /adminn/static/img/logo.512.a5d1d1f.png HTTP/1.1" 304 - "http://localhost:8060/adminn/project/" "Mozilla/5.0 (Windows NT 6.1; Win64; x64) AppleWebKit/537.36 (KHTML, like Gecko) Chrome/83.0.4103.61 Safari/537.36"
[2020-06-02T15:03:52.845] [INFO] default - ::1 - - "GET /admin/project/list HTTP/1.1" 200 272 "http://localhost:8060/adminn/project/" "Mozilla/5.0 (Windows NT 6.1; Win64; x64) AppleWebKit/537.36 (KHTML, like Gecko) Chrome/83.0.4103.61 Safari/537.36"
[2020-06-02T15:04:01.163] [INFO] default - ::1 - - "GET /admin/project/1/apps HTTP/1.1" 200 38 "http://localhost:8060/adminn/project/" "Mozilla/5.0 (Windows NT 6.1; Win64; x64) AppleWebKit/537.36 (KHTML, like Gecko) Chrome/83.0.4103.61 Safari/537.36"
[2020-06-02T15:13:19.129] [INFO] default - ::1 - - "GET /adminn/project/ HTTP/1.1" 200 - "http://localhost:8060/adminn/login?redirect=%2Fproject%2F" "Mozilla/5.0 (Windows NT 6.1; Win64; x64) AppleWebKit/537.36 (KHTML, like Gecko) Chrome/83.0.4103.61 Safari/537.36"
[2020-06-02T15:13:19.159] [WARN] default - ::1 - - "GET /adminn/static/css/app.d121765e895b40678f52b91850928e07.css HTTP/1.1" 304 - "http://localhost:8060/adminn/project/" "Mozilla/5.0 (Windows NT 6.1; Win64; x64) AppleWebKit/537.36 (KHTML, like Gecko) Chrome/83.0.4103.61 Safari/537.36"
[2020-06-02T15:13:19.160] [WARN] default - ::1 - - "GET /adminn/static/js/manifest.0e908964557ecabaac0a.js HTTP/1.1" 304 - "http://localhost:8060/adminn/project/" "Mozilla/5.0 (Windows NT 6.1; Win64; x64) AppleWebKit/537.36 (KHTML, like Gecko) Chrome/83.0.4103.61 Safari/537.36"
[2020-06-02T15:13:19.168] [WARN] default - ::1 - - "GET /adminn/static/js/vendor.4334dc3262b65d602c6f.js HTTP/1.1" 304 - "http://localhost:8060/adminn/project/" "Mozilla/5.0 (Windows NT 6.1; Win64; x64) AppleWebKit/537.36 (KHTML, like Gecko) Chrome/83.0.4103.61 Safari/537.36"
[2020-06-02T15:13:19.170] [WARN] default - ::1 - - "GET /adminn/static/js/app.3c25238e860faad007fc.js HTTP/1.1" 304 - "http://localhost:8060/adminn/project/" "Mozilla/5.0 (Windows NT 6.1; Win64; x64) AppleWebKit/537.36 (KHTML, like Gecko) Chrome/83.0.4103.61 Safari/537.36"
[2020-06-02T15:13:19.511] [WARN] default - ::1 - - "GET /adminn/static/js/0.921746e94df4fa96431c.js HTTP/1.1" 304 - "http://localhost:8060/adminn/project/" "Mozilla/5.0 (Windows NT 6.1; Win64; x64) AppleWebKit/537.36 (KHTML, like Gecko) Chrome/83.0.4103.61 Safari/537.36"
[2020-06-02T15:13:19.555] [WARN] default - ::1 - - "GET /adminn/static/img/logo.512.a5d1d1f.png HTTP/1.1" 304 - "http://localhost:8060/adminn/project/" "Mozilla/5.0 (Windows NT 6.1; Win64; x64) AppleWebKit/537.36 (KHTML, like Gecko) Chrome/83.0.4103.61 Safari/537.36"
[2020-06-02T15:13:19.629] [WARN] default - ::1 - - "GET /adminn/static/fonts/element-icons.535877f.woff HTTP/1.1" 304 - "http://localhost:8060/adminn/static/css/app.d121765e895b40678f52b91850928e07.css" "Mozilla/5.0 (Windows NT 6.1; Win64; x64) AppleWebKit/537.36 (KHTML, like Gecko) Chrome/83.0.4103.61 Safari/537.36"
[2020-06-02T15:13:19.656] [INFO] default - ::1 - - "GET /admin/project/list HTTP/1.1" 200 35 "http://localhost:8060/adminn/project/" "Mozilla/5.0 (Windows NT 6.1; Win64; x64) AppleWebKit/537.36 (KHTML, like Gecko) Chrome/83.0.4103.61 Safari/537.36"
[2020-06-02T15:13:19.717] [INFO] default - ::1 - - "GET /favicon.ico HTTP/1.1" 200 67646 "http://localhost:8060/adminn/project/" "Mozilla/5.0 (Windows NT 6.1; Win64; x64) AppleWebKit/537.36 (KHTML, like Gecko) Chrome/83.0.4103.61 Safari/537.36"
[2020-06-02T15:13:20.823] [INFO] default - ::1 - - "GET /adminn/project/ HTTP/1.1" 200 - "http://localhost:8060/adminn/project/" "Mozilla/5.0 (Windows NT 6.1; Win64; x64) AppleWebKit/537.36 (KHTML, like Gecko) Chrome/83.0.4103.61 Safari/537.36"
[2020-06-02T15:13:20.852] [WARN] default - ::1 - - "GET /adminn/static/css/app.d121765e895b40678f52b91850928e07.css HTTP/1.1" 304 - "http://localhost:8060/adminn/project/" "Mozilla/5.0 (Windows NT 6.1; Win64; x64) AppleWebKit/537.36 (KHTML, like Gecko) Chrome/83.0.4103.61 Safari/537.36"
[2020-06-02T15:13:20.853] [WARN] default - ::1 - - "GET /adminn/static/js/manifest.0e908964557ecabaac0a.js HTTP/1.1" 304 - "http://localhost:8060/adminn/project/" "Mozilla/5.0 (Windows NT 6.1; Win64; x64) AppleWebKit/537.36 (KHTML, like Gecko) Chrome/83.0.4103.61 Safari/537.36"
[2020-06-02T15:13:20.856] [WARN] default - ::1 - - "GET /adminn/static/js/vendor.4334dc3262b65d602c6f.js HTTP/1.1" 304 - "http://localhost:8060/adminn/project/" "Mozilla/5.0 (Windows NT 6.1; Win64; x64) AppleWebKit/537.36 (KHTML, like Gecko) Chrome/83.0.4103.61 Safari/537.36"
[2020-06-02T15:13:20.859] [WARN] default - ::1 - - "GET /adminn/static/js/app.3c25238e860faad007fc.js HTTP/1.1" 304 - "http://localhost:8060/adminn/project/" "Mozilla/5.0 (Windows NT 6.1; Win64; x64) AppleWebKit/537.36 (KHTML, like Gecko) Chrome/83.0.4103.61 Safari/537.36"
[2020-06-02T15:13:22.580] [WARN] default - ::1 - - "GET /adminn/static/fonts/element-icons.535877f.woff HTTP/1.1" 304 - "http://localhost:8060/adminn/static/css/app.d121765e895b40678f52b91850928e07.css" "Mozilla/5.0 (Windows NT 6.1; Win64; x64) AppleWebKit/537.36 (KHTML, like Gecko) Chrome/83.0.4103.61 Safari/537.36"
[2020-06-02T15:13:22.656] [INFO] default - ::1 - - "POST /admin/login/signin HTTP/1.1" 200 132 "http://localhost:8060/adminn/login?redirect=%2Fproject%2F" "Mozilla/5.0 (Windows NT 6.1; Win64; x64) AppleWebKit/537.36 (KHTML, like Gecko) Chrome/83.0.4103.61 Safari/537.36"
[2020-06-02T15:13:22.668] [WARN] default - ::1 - - "GET /adminn/static/js/0.921746e94df4fa96431c.js HTTP/1.1" 304 - "http://localhost:8060/adminn/login?redirect=%2Fproject%2F" "Mozilla/5.0 (Windows NT 6.1; Win64; x64) AppleWebKit/537.36 (KHTML, like Gecko) Chrome/83.0.4103.61 Safari/537.36"
[2020-06-02T15:13:22.689] [WARN] default - ::1 - - "GET /adminn/static/img/logo.512.a5d1d1f.png HTTP/1.1" 304 - "http://localhost:8060/adminn/project/" "Mozilla/5.0 (Windows NT 6.1; Win64; x64) AppleWebKit/537.36 (KHTML, like Gecko) Chrome/83.0.4103.61 Safari/537.36"
[2020-06-02T15:13:22.772] [INFO] default - ::1 - - "GET /admin/project/list HTTP/1.1" 200 272 "http://localhost:8060/adminn/project/" "Mozilla/5.0 (Windows NT 6.1; Win64; x64) AppleWebKit/537.36 (KHTML, like Gecko) Chrome/83.0.4103.61 Safari/537.36"
[2020-06-02T15:13:43.424] [INFO] default - ::1 - - "POST /admin/project/list HTTP/1.1" 200 30 "http://localhost:8060/adminn/project/" "Mozilla/5.0 (Windows NT 6.1; Win64; x64) AppleWebKit/537.36 (KHTML, like Gecko) Chrome/83.0.4103.61 Safari/537.36"
[2020-06-02T15:13:43.448] [INFO] default - ::1 - - "GET /admin/project/list HTTP/1.1" 200 469 "http://localhost:8060/adminn/project/" "Mozilla/5.0 (Windows NT 6.1; Win64; x64) AppleWebKit/537.36 (KHTML, like Gecko) Chrome/83.0.4103.61 Safari/537.36"
[2020-06-02T15:14:33.945] [INFO] default - ::1 - - "POST /admin/project/2/apps HTTP/1.1" 200 63 "http://localhost:8060/adminn/project/" "Mozilla/5.0 (Windows NT 6.1; Win64; x64) AppleWebKit/537.36 (KHTML, like Gecko) Chrome/83.0.4103.61 Safari/537.36"
[2020-06-02T15:19:21.761] [INFO] default - ::1 - - "GET /adminn/project/ HTTP/1.1" 200 - "http://localhost:8060/adminn/login?redirect=%2Fproject%2F" "Mozilla/5.0 (Windows NT 6.1; Win64; x64) AppleWebKit/537.36 (KHTML, like Gecko) Chrome/83.0.4103.61 Safari/537.36"
[2020-06-02T15:19:21.795] [WARN] default - ::1 - - "GET /adminn/static/css/app.d121765e895b40678f52b91850928e07.css HTTP/1.1" 304 - "http://localhost:8060/adminn/project/" "Mozilla/5.0 (Windows NT 6.1; Win64; x64) AppleWebKit/537.36 (KHTML, like Gecko) Chrome/83.0.4103.61 Safari/537.36"
[2020-06-02T15:19:21.796] [WARN] default - ::1 - - "GET /adminn/static/js/manifest.0e908964557ecabaac0a.js HTTP/1.1" 304 - "http://localhost:8060/adminn/project/" "Mozilla/5.0 (Windows NT 6.1; Win64; x64) AppleWebKit/537.36 (KHTML, like Gecko) Chrome/83.0.4103.61 Safari/537.36"
[2020-06-02T15:19:21.797] [WARN] default - ::1 - - "GET /adminn/static/js/app.3c25238e860faad007fc.js HTTP/1.1" 304 - "http://localhost:8060/adminn/project/" "Mozilla/5.0 (Windows NT 6.1; Win64; x64) AppleWebKit/537.36 (KHTML, like Gecko) Chrome/83.0.4103.61 Safari/537.36"
[2020-06-02T15:19:21.798] [WARN] default - ::1 - - "GET /adminn/static/js/vendor.4334dc3262b65d602c6f.js HTTP/1.1" 304 - "http://localhost:8060/adminn/project/" "Mozilla/5.0 (Windows NT 6.1; Win64; x64) AppleWebKit/537.36 (KHTML, like Gecko) Chrome/83.0.4103.61 Safari/537.36"
[2020-06-02T15:19:22.981] [WARN] default - ::1 - - "GET /adminn/static/js/0.921746e94df4fa96431c.js HTTP/1.1" 304 - "http://localhost:8060/adminn/project/" "Mozilla/5.0 (Windows NT 6.1; Win64; x64) AppleWebKit/537.36 (KHTML, like Gecko) Chrome/83.0.4103.61 Safari/537.36"
[2020-06-02T15:19:23.002] [WARN] default - ::1 - - "GET /adminn/static/img/logo.512.a5d1d1f.png HTTP/1.1" 304 - "http://localhost:8060/adminn/project/" "Mozilla/5.0 (Windows NT 6.1; Win64; x64) AppleWebKit/537.36 (KHTML, like Gecko) Chrome/83.0.4103.61 Safari/537.36"
[2020-06-02T15:19:23.068] [WARN] default - ::1 - - "GET /adminn/static/fonts/element-icons.535877f.woff HTTP/1.1" 304 - "http://localhost:8060/adminn/static/css/app.d121765e895b40678f52b91850928e07.css" "Mozilla/5.0 (Windows NT 6.1; Win64; x64) AppleWebKit/537.36 (KHTML, like Gecko) Chrome/83.0.4103.61 Safari/537.36"
[2020-06-02T15:19:23.095] [INFO] default - ::1 - - "GET /admin/project/list HTTP/1.1" 200 35 "http://localhost:8060/adminn/project/" "Mozilla/5.0 (Windows NT 6.1; Win64; x64) AppleWebKit/537.36 (KHTML, like Gecko) Chrome/83.0.4103.61 Safari/537.36"
[2020-06-02T15:19:23.152] [INFO] default - ::1 - - "GET /favicon.ico HTTP/1.1" 200 67646 "http://localhost:8060/adminn/project/" "Mozilla/5.0 (Windows NT 6.1; Win64; x64) AppleWebKit/537.36 (KHTML, like Gecko) Chrome/83.0.4103.61 Safari/537.36"
[2020-06-02T15:19:24.102] [INFO] default - ::1 - - "GET /adminn/project/ HTTP/1.1" 200 - "http://localhost:8060/adminn/project/" "Mozilla/5.0 (Windows NT 6.1; Win64; x64) AppleWebKit/537.36 (KHTML, like Gecko) Chrome/83.0.4103.61 Safari/537.36"
[2020-06-02T15:19:24.129] [WARN] default - ::1 - - "GET /adminn/static/css/app.d121765e895b40678f52b91850928e07.css HTTP/1.1" 304 - "http://localhost:8060/adminn/project/" "Mozilla/5.0 (Windows NT 6.1; Win64; x64) AppleWebKit/537.36 (KHTML, like Gecko) Chrome/83.0.4103.61 Safari/537.36"
[2020-06-02T15:19:24.130] [WARN] default - ::1 - - "GET /adminn/static/js/manifest.0e908964557ecabaac0a.js HTTP/1.1" 304 - "http://localhost:8060/adminn/project/" "Mozilla/5.0 (Windows NT 6.1; Win64; x64) AppleWebKit/537.36 (KHTML, like Gecko) Chrome/83.0.4103.61 Safari/537.36"
[2020-06-02T15:19:24.130] [WARN] default - ::1 - - "GET /adminn/static/js/vendor.4334dc3262b65d602c6f.js HTTP/1.1" 304 - "http://localhost:8060/adminn/project/" "Mozilla/5.0 (Windows NT 6.1; Win64; x64) AppleWebKit/537.36 (KHTML, like Gecko) Chrome/83.0.4103.61 Safari/537.36"
[2020-06-02T15:19:24.131] [WARN] default - ::1 - - "GET /adminn/static/js/app.3c25238e860faad007fc.js HTTP/1.1" 304 - "http://localhost:8060/adminn/project/" "Mozilla/5.0 (Windows NT 6.1; Win64; x64) AppleWebKit/537.36 (KHTML, like Gecko) Chrome/83.0.4103.61 Safari/537.36"
[2020-06-02T15:19:25.718] [WARN] default - ::1 - - "GET /adminn/static/fonts/element-icons.535877f.woff HTTP/1.1" 304 - "http://localhost:8060/adminn/static/css/app.d121765e895b40678f52b91850928e07.css" "Mozilla/5.0 (Windows NT 6.1; Win64; x64) AppleWebKit/537.36 (KHTML, like Gecko) Chrome/83.0.4103.61 Safari/537.36"
[2020-06-02T15:19:25.789] [INFO] default - ::1 - - "POST /admin/login/signin HTTP/1.1" 200 132 "http://localhost:8060/adminn/login?redirect=%2Fproject%2F" "Mozilla/5.0 (Windows NT 6.1; Win64; x64) AppleWebKit/537.36 (KHTML, like Gecko) Chrome/83.0.4103.61 Safari/537.36"
[2020-06-02T15:19:25.805] [WARN] default - ::1 - - "GET /adminn/static/js/0.921746e94df4fa96431c.js HTTP/1.1" 304 - "http://localhost:8060/adminn/login?redirect=%2Fproject%2F" "Mozilla/5.0 (Windows NT 6.1; Win64; x64) AppleWebKit/537.36 (KHTML, like Gecko) Chrome/83.0.4103.61 Safari/537.36"
[2020-06-02T15:19:25.823] [WARN] default - ::1 - - "GET /adminn/static/img/logo.512.a5d1d1f.png HTTP/1.1" 304 - "http://localhost:8060/adminn/project/" "Mozilla/5.0 (Windows NT 6.1; Win64; x64) AppleWebKit/537.36 (KHTML, like Gecko) Chrome/83.0.4103.61 Safari/537.36"
[2020-06-02T15:19:25.905] [INFO] default - ::1 - - "GET /admin/project/list HTTP/1.1" 200 469 "http://localhost:8060/adminn/project/" "Mozilla/5.0 (Windows NT 6.1; Win64; x64) AppleWebKit/537.36 (KHTML, like Gecko) Chrome/83.0.4103.61 Safari/537.36"
[2020-06-02T15:20:33.241] [INFO] default - ::1 - - "POST /admin/project/2/apps HTTP/1.1" 200 63 "http://localhost:8060/adminn/project/" "Mozilla/5.0 (Windows NT 6.1; Win64; x64) AppleWebKit/537.36 (KHTML, like Gecko) Chrome/83.0.4103.61 Safari/537.36"
[2020-06-02T15:21:41.748] [INFO] default - ::1 - - "GET /adminn/project/ HTTP/1.1" 200 - "http://localhost:8060/adminn/login?redirect=%2Fproject%2F" "Mozilla/5.0 (Windows NT 6.1; Win64; x64) AppleWebKit/537.36 (KHTML, like Gecko) Chrome/83.0.4103.61 Safari/537.36"
[2020-06-02T15:21:41.773] [WARN] default - ::1 - - "GET /adminn/static/css/app.d121765e895b40678f52b91850928e07.css HTTP/1.1" 304 - "http://localhost:8060/adminn/project/" "Mozilla/5.0 (Windows NT 6.1; Win64; x64) AppleWebKit/537.36 (KHTML, like Gecko) Chrome/83.0.4103.61 Safari/537.36"
[2020-06-02T15:21:41.775] [WARN] default - ::1 - - "GET /adminn/static/js/manifest.0e908964557ecabaac0a.js HTTP/1.1" 304 - "http://localhost:8060/adminn/project/" "Mozilla/5.0 (Windows NT 6.1; Win64; x64) AppleWebKit/537.36 (KHTML, like Gecko) Chrome/83.0.4103.61 Safari/537.36"
[2020-06-02T15:21:41.777] [WARN] default - ::1 - - "GET /adminn/static/js/app.3c25238e860faad007fc.js HTTP/1.1" 304 - "http://localhost:8060/adminn/project/" "Mozilla/5.0 (Windows NT 6.1; Win64; x64) AppleWebKit/537.36 (KHTML, like Gecko) Chrome/83.0.4103.61 Safari/537.36"
[2020-06-02T15:21:41.778] [WARN] default - ::1 - - "GET /adminn/static/js/vendor.4334dc3262b65d602c6f.js HTTP/1.1" 304 - "http://localhost:8060/adminn/project/" "Mozilla/5.0 (Windows NT 6.1; Win64; x64) AppleWebKit/537.36 (KHTML, like Gecko) Chrome/83.0.4103.61 Safari/537.36"
[2020-06-02T15:21:42.127] [WARN] default - ::1 - - "GET /adminn/static/js/0.921746e94df4fa96431c.js HTTP/1.1" 304 - "http://localhost:8060/adminn/project/" "Mozilla/5.0 (Windows NT 6.1; Win64; x64) AppleWebKit/537.36 (KHTML, like Gecko) Chrome/83.0.4103.61 Safari/537.36"
[2020-06-02T15:21:42.156] [WARN] default - ::1 - - "GET /adminn/static/img/logo.512.a5d1d1f.png HTTP/1.1" 304 - "http://localhost:8060/adminn/project/" "Mozilla/5.0 (Windows NT 6.1; Win64; x64) AppleWebKit/537.36 (KHTML, like Gecko) Chrome/83.0.4103.61 Safari/537.36"
[2020-06-02T15:21:42.224] [WARN] default - ::1 - - "GET /adminn/static/fonts/element-icons.535877f.woff HTTP/1.1" 304 - "http://localhost:8060/adminn/static/css/app.d121765e895b40678f52b91850928e07.css" "Mozilla/5.0 (Windows NT 6.1; Win64; x64) AppleWebKit/537.36 (KHTML, like Gecko) Chrome/83.0.4103.61 Safari/537.36"
[2020-06-02T15:21:42.250] [INFO] default - ::1 - - "GET /admin/project/list HTTP/1.1" 200 35 "http://localhost:8060/adminn/project/" "Mozilla/5.0 (Windows NT 6.1; Win64; x64) AppleWebKit/537.36 (KHTML, like Gecko) Chrome/83.0.4103.61 Safari/537.36"
[2020-06-02T15:21:42.309] [INFO] default - ::1 - - "GET /favicon.ico HTTP/1.1" 200 67646 "http://localhost:8060/adminn/project/" "Mozilla/5.0 (Windows NT 6.1; Win64; x64) AppleWebKit/537.36 (KHTML, like Gecko) Chrome/83.0.4103.61 Safari/537.36"
[2020-06-02T15:21:43.639] [INFO] default - ::1 - - "GET /adminn/project/ HTTP/1.1" 200 - "http://localhost:8060/adminn/project/" "Mozilla/5.0 (Windows NT 6.1; Win64; x64) AppleWebKit/537.36 (KHTML, like Gecko) Chrome/83.0.4103.61 Safari/537.36"
[2020-06-02T15:21:43.664] [WARN] default - ::1 - - "GET /adminn/static/css/app.d121765e895b40678f52b91850928e07.css HTTP/1.1" 304 - "http://localhost:8060/adminn/project/" "Mozilla/5.0 (Windows NT 6.1; Win64; x64) AppleWebKit/537.36 (KHTML, like Gecko) Chrome/83.0.4103.61 Safari/537.36"
[2020-06-02T15:21:43.666] [WARN] default - ::1 - - "GET /adminn/static/js/manifest.0e908964557ecabaac0a.js HTTP/1.1" 304 - "http://localhost:8060/adminn/project/" "Mozilla/5.0 (Windows NT 6.1; Win64; x64) AppleWebKit/537.36 (KHTML, like Gecko) Chrome/83.0.4103.61 Safari/537.36"
[2020-06-02T15:21:43.667] [WARN] default - ::1 - - "GET /adminn/static/js/vendor.4334dc3262b65d602c6f.js HTTP/1.1" 304 - "http://localhost:8060/adminn/project/" "Mozilla/5.0 (Windows NT 6.1; Win64; x64) AppleWebKit/537.36 (KHTML, like Gecko) Chrome/83.0.4103.61 Safari/537.36"
[2020-06-02T15:21:43.668] [WARN] default - ::1 - - "GET /adminn/static/js/app.3c25238e860faad007fc.js HTTP/1.1" 304 - "http://localhost:8060/adminn/project/" "Mozilla/5.0 (Windows NT 6.1; Win64; x64) AppleWebKit/537.36 (KHTML, like Gecko) Chrome/83.0.4103.61 Safari/537.36"
[2020-06-02T15:21:45.848] [WARN] default - ::1 - - "GET /adminn/static/fonts/element-icons.535877f.woff HTTP/1.1" 304 - "http://localhost:8060/adminn/static/css/app.d121765e895b40678f52b91850928e07.css" "Mozilla/5.0 (Windows NT 6.1; Win64; x64) AppleWebKit/537.36 (KHTML, like Gecko) Chrome/83.0.4103.61 Safari/537.36"
[2020-06-02T15:21:45.942] [INFO] default - ::1 - - "POST /admin/login/signin HTTP/1.1" 200 132 "http://localhost:8060/adminn/login?redirect=%2Fproject%2F" "Mozilla/5.0 (Windows NT 6.1; Win64; x64) AppleWebKit/537.36 (KHTML, like Gecko) Chrome/83.0.4103.61 Safari/537.36"
[2020-06-02T15:21:45.959] [WARN] default - ::1 - - "GET /adminn/static/js/0.921746e94df4fa96431c.js HTTP/1.1" 304 - "http://localhost:8060/adminn/login?redirect=%2Fproject%2F" "Mozilla/5.0 (Windows NT 6.1; Win64; x64) AppleWebKit/537.36 (KHTML, like Gecko) Chrome/83.0.4103.61 Safari/537.36"
[2020-06-02T15:21:45.976] [WARN] default - ::1 - - "GET /adminn/static/img/logo.512.a5d1d1f.png HTTP/1.1" 304 - "http://localhost:8060/adminn/project/" "Mozilla/5.0 (Windows NT 6.1; Win64; x64) AppleWebKit/537.36 (KHTML, like Gecko) Chrome/83.0.4103.61 Safari/537.36"
[2020-06-02T15:21:46.063] [INFO] default - ::1 - - "GET /admin/project/list HTTP/1.1" 200 469 "http://localhost:8060/adminn/project/" "Mozilla/5.0 (Windows NT 6.1; Win64; x64) AppleWebKit/537.36 (KHTML, like Gecko) Chrome/83.0.4103.61 Safari/537.36"
[2020-06-02T15:22:02.719] [INFO] default - ::1 - - "POST /admin/project/2/apps HTTP/1.1" 200 38 "http://localhost:8060/adminn/project/" "Mozilla/5.0 (Windows NT 6.1; Win64; x64) AppleWebKit/537.36 (KHTML, like Gecko) Chrome/83.0.4103.61 Safari/537.36"
[2020-06-02T15:23:24.022] [INFO] default - ::1 - - "GET /adminn/project/ HTTP/1.1" 200 - "http://localhost:8060/adminn/login?redirect=%2Fproject%2F" "Mozilla/5.0 (Windows NT 6.1; Win64; x64) AppleWebKit/537.36 (KHTML, like Gecko) Chrome/83.0.4103.61 Safari/537.36"
[2020-06-02T15:23:24.050] [WARN] default - ::1 - - "GET /adminn/static/css/app.d121765e895b40678f52b91850928e07.css HTTP/1.1" 304 - "http://localhost:8060/adminn/project/" "Mozilla/5.0 (Windows NT 6.1; Win64; x64) AppleWebKit/537.36 (KHTML, like Gecko) Chrome/83.0.4103.61 Safari/537.36"
[2020-06-02T15:23:24.051] [WARN] default - ::1 - - "GET /adminn/static/js/manifest.0e908964557ecabaac0a.js HTTP/1.1" 304 - "http://localhost:8060/adminn/project/" "Mozilla/5.0 (Windows NT 6.1; Win64; x64) AppleWebKit/537.36 (KHTML, like Gecko) Chrome/83.0.4103.61 Safari/537.36"
[2020-06-02T15:23:24.053] [WARN] default - ::1 - - "GET /adminn/static/js/vendor.4334dc3262b65d602c6f.js HTTP/1.1" 304 - "http://localhost:8060/adminn/project/" "Mozilla/5.0 (Windows NT 6.1; Win64; x64) AppleWebKit/537.36 (KHTML, like Gecko) Chrome/83.0.4103.61 Safari/537.36"
[2020-06-02T15:23:24.054] [WARN] default - ::1 - - "GET /adminn/static/js/app.3c25238e860faad007fc.js HTTP/1.1" 304 - "http://localhost:8060/adminn/project/" "Mozilla/5.0 (Windows NT 6.1; Win64; x64) AppleWebKit/537.36 (KHTML, like Gecko) Chrome/83.0.4103.61 Safari/537.36"
[2020-06-02T15:23:24.392] [WARN] default - ::1 - - "GET /adminn/static/js/0.921746e94df4fa96431c.js HTTP/1.1" 304 - "http://localhost:8060/adminn/project/" "Mozilla/5.0 (Windows NT 6.1; Win64; x64) AppleWebKit/537.36 (KHTML, like Gecko) Chrome/83.0.4103.61 Safari/537.36"
[2020-06-02T15:23:24.452] [WARN] default - ::1 - - "GET /adminn/static/img/logo.512.a5d1d1f.png HTTP/1.1" 304 - "http://localhost:8060/adminn/project/" "Mozilla/5.0 (Windows NT 6.1; Win64; x64) AppleWebKit/537.36 (KHTML, like Gecko) Chrome/83.0.4103.61 Safari/537.36"
[2020-06-02T15:23:24.521] [WARN] default - ::1 - - "GET /adminn/static/fonts/element-icons.535877f.woff HTTP/1.1" 304 - "http://localhost:8060/adminn/static/css/app.d121765e895b40678f52b91850928e07.css" "Mozilla/5.0 (Windows NT 6.1; Win64; x64) AppleWebKit/537.36 (KHTML, like Gecko) Chrome/83.0.4103.61 Safari/537.36"
[2020-06-02T15:23:24.546] [WARN] default - ::1 - - "GET /admin/project/list HTTP/1.1" 304 - "http://localhost:8060/adminn/project/" "Mozilla/5.0 (Windows NT 6.1; Win64; x64) AppleWebKit/537.36 (KHTML, like Gecko) Chrome/83.0.4103.61 Safari/537.36"
[2020-06-02T15:23:24.608] [INFO] default - ::1 - - "GET /favicon.ico HTTP/1.1" 200 67646 "http://localhost:8060/adminn/project/" "Mozilla/5.0 (Windows NT 6.1; Win64; x64) AppleWebKit/537.36 (KHTML, like Gecko) Chrome/83.0.4103.61 Safari/537.36"
[2020-06-02T15:23:40.278] [INFO] default - ::1 - - "POST /admin/project/2/apps HTTP/1.1" 200 30 "http://localhost:8060/adminn/project/" "Mozilla/5.0 (Windows NT 6.1; Win64; x64) AppleWebKit/537.36 (KHTML, like Gecko) Chrome/83.0.4103.61 Safari/537.36"
[2020-06-02T15:23:40.310] [INFO] default - ::1 - - "GET /admin/project/list HTTP/1.1" 200 508 "http://localhost:8060/adminn/project/" "Mozilla/5.0 (Windows NT 6.1; Win64; x64) AppleWebKit/537.36 (KHTML, like Gecko) Chrome/83.0.4103.61 Safari/537.36"
[2020-06-02T15:24:04.503] [INFO] default - ::1 - - "GET /version/test/ipa HTTP/1.1" 200 238 "" "Mozilla/5.0 (Windows NT 6.1; Win64; x64) AppleWebKit/537.36 (KHTML, like Gecko) Chrome/83.0.4103.61 Safari/537.36"
[2020-06-02T15:24:14.890] [INFO] default - ::1 - - "GET /version/test/ipas HTTP/1.1" 200 38 "" "Mozilla/5.0 (Windows NT 6.1; Win64; x64) AppleWebKit/537.36 (KHTML, like Gecko) Chrome/83.0.4103.61 Safari/537.36"
[2020-06-02T15:24:16.619] [WARN] default - ::1 - - "GET /version/test/ipas HTTP/1.1" 304 - "" "Mozilla/5.0 (Windows NT 6.1; Win64; x64) AppleWebKit/537.36 (KHTML, like Gecko) Chrome/83.0.4103.61 Safari/537.36"
[2020-06-02T15:24:16.868] [INFO] default - ::1 - - "GET /favicon.ico HTTP/1.1" 200 67646 "http://localhost:8060/version/test/ipas" "Mozilla/5.0 (Windows NT 6.1; Win64; x64) AppleWebKit/537.36 (KHTML, like Gecko) Chrome/83.0.4103.61 Safari/537.36"
[2020-06-02T15:24:17.241] [WARN] default - ::1 - - "GET /version/test/ipas HTTP/1.1" 304 - "" "Mozilla/5.0 (Windows NT 6.1; Win64; x64) AppleWebKit/537.36 (KHTML, like Gecko) Chrome/83.0.4103.61 Safari/537.36"
[2020-06-02T15:24:17.490] [INFO] default - ::1 - - "GET /favicon.ico HTTP/1.1" 200 67646 "http://localhost:8060/version/test/ipas" "Mozilla/5.0 (Windows NT 6.1; Win64; x64) AppleWebKit/537.36 (KHTML, like Gecko) Chrome/83.0.4103.61 Safari/537.36"
[2020-06-02T15:24:17.607] [WARN] default - ::1 - - "GET /version/test/ipas HTTP/1.1" 304 - "" "Mozilla/5.0 (Windows NT 6.1; Win64; x64) AppleWebKit/537.36 (KHTML, like Gecko) Chrome/83.0.4103.61 Safari/537.36"
[2020-06-02T15:24:17.861] [INFO] default - ::1 - - "GET /favicon.ico HTTP/1.1" 200 67646 "http://localhost:8060/version/test/ipas" "Mozilla/5.0 (Windows NT 6.1; Win64; x64) AppleWebKit/537.36 (KHTML, like Gecko) Chrome/83.0.4103.61 Safari/537.36"
[2020-06-02T15:24:17.894] [WARN] default - ::1 - - "GET /version/test/ipas HTTP/1.1" 304 - "" "Mozilla/5.0 (Windows NT 6.1; Win64; x64) AppleWebKit/537.36 (KHTML, like Gecko) Chrome/83.0.4103.61 Safari/537.36"
[2020-06-02T15:24:18.094] [INFO] default - ::1 - - "GET /favicon.ico HTTP/1.1" 200 67646 "http://localhost:8060/version/test/ipas" "Mozilla/5.0 (Windows NT 6.1; Win64; x64) AppleWebKit/537.36 (KHTML, like Gecko) Chrome/83.0.4103.61 Safari/537.36"
[2020-06-02T15:24:50.187] [INFO] default - ::1 - - "GET /admin/project/2/apps HTTP/1.1" 200 188 "http://localhost:8060/adminn/project/" "Mozilla/5.0 (Windows NT 6.1; Win64; x64) AppleWebKit/537.36 (KHTML, like Gecko) Chrome/83.0.4103.61 Safari/537.36"
[2020-06-02T15:25:05.466] [ERROR] default - ::1 - - "GET /app/testipa/icon512.png HTTP/1.1" 404 - "http://localhost:8060/adminn/project/" "Mozilla/5.0 (Windows NT 6.1; Win64; x64) AppleWebKit/537.36 (KHTML, like Gecko) Chrome/83.0.4103.61 Safari/537.36"
[2020-06-02T15:25:11.407] [INFO] default - ::1 - - "POST /admin/project/2/icon HTTP/1.1" 200 30 "http://localhost:8060/adminn/project/" "Mozilla/5.0 (Windows NT 6.1; Win64; x64) AppleWebKit/537.36 (KHTML, like Gecko) Chrome/83.0.4103.61 Safari/537.36"
[2020-06-02T15:25:15.453] [INFO] default - ::1 - - "GET /app/testipa/icon512.png HTTP/1.1" 200 142368 "http://localhost:8060/adminn/project/" "Mozilla/5.0 (Windows NT 6.1; Win64; x64) AppleWebKit/537.36 (KHTML, like Gecko) Chrome/83.0.4103.61 Safari/537.36"
[2020-06-02T15:25:28.436] [WARN] default - ::1 - - "GET /admin/project/2/apps HTTP/1.1" 304 - "http://localhost:8060/adminn/project/" "Mozilla/5.0 (Windows NT 6.1; Win64; x64) AppleWebKit/537.36 (KHTML, like Gecko) Chrome/83.0.4103.61 Safari/537.36"
[2020-06-02T16:15:10.035] [INFO] default - ::ffff:127.0.0.1 - - "POST /admin/login/signin HTTP/1.1" 200 132 "http://localhost:8080/login?redirect=%2Fproject%2F" "Mozilla/5.0 (Windows NT 6.1; Win64; x64) AppleWebKit/537.36 (KHTML, like Gecko) Chrome/83.0.4103.61 Safari/537.36"
[2020-06-02T16:15:10.180] [INFO] default - ::ffff:127.0.0.1 - - "GET /admin/project/list HTTP/1.1" 200 508 "http://localhost:8080/project/" "Mozilla/5.0 (Windows NT 6.1; Win64; x64) AppleWebKit/537.36 (KHTML, like Gecko) Chrome/83.0.4103.61 Safari/537.36"
[2020-06-02T16:15:16.715] [INFO] default - ::ffff:127.0.0.1 - - "GET /admin/project/2/apps HTTP/1.1" 200 188 "http://localhost:8080/project/" "Mozilla/5.0 (Windows NT 6.1; Win64; x64) AppleWebKit/537.36 (KHTML, like Gecko) Chrome/83.0.4103.61 Safari/537.36"
[2020-06-02T16:15:43.820] [INFO] default - ::ffff:127.0.0.1 - - "GET /admin/project/list HTTP/1.1" 200 35 "http://localhost:8080/project/" "Mozilla/5.0 (Windows NT 6.1; Win64; x64) AppleWebKit/537.36 (KHTML, like Gecko) Chrome/83.0.4103.61 Safari/537.36"
[2020-06-02T16:15:46.975] [INFO] default - ::ffff:127.0.0.1 - - "POST /admin/login/signin HTTP/1.1" 200 132 "http://localhost:8080/login?redirect=%2Fproject%2F" "Mozilla/5.0 (Windows NT 6.1; Win64; x64) AppleWebKit/537.36 (KHTML, like Gecko) Chrome/83.0.4103.61 Safari/537.36"
[2020-06-02T16:15:47.115] [INFO] default - ::ffff:127.0.0.1 - - "GET /admin/project/list HTTP/1.1" 200 508 "http://localhost:8080/project/" "Mozilla/5.0 (Windows NT 6.1; Win64; x64) AppleWebKit/537.36 (KHTML, like Gecko) Chrome/83.0.4103.61 Safari/537.36"
[2020-06-02T16:15:49.422] [INFO] default - ::ffff:127.0.0.1 - - "GET /admin/project/2/apps HTTP/1.1" 200 198 "http://localhost:8080/project/" "Mozilla/5.0 (Windows NT 6.1; Win64; x64) AppleWebKit/537.36 (KHTML, like Gecko) Chrome/83.0.4103.61 Safari/537.36"
[2020-06-02T16:16:03.152] [INFO] default - ::1 - - "GET /app/testipa/ggtc_bg.png HTTP/1.1" 200 20079 "" "Mozilla/5.0 (Windows NT 6.1; Win64; x64) AppleWebKit/537.36 (KHTML, like Gecko) Chrome/83.0.4103.61 Safari/537.36"
[2020-06-02T16:16:10.327] [INFO] default - ::ffff:127.0.0.1 - - "DELETE /admin/project/2/apps/1 HTTP/1.1" 200 30 "http://localhost:8080/project/" "Mozilla/5.0 (Windows NT 6.1; Win64; x64) AppleWebKit/537.36 (KHTML, like Gecko) Chrome/83.0.4103.61 Safari/537.36"
[2020-06-02T16:18:21.610] [WARN] default - ::ffff:127.0.0.1 - - "GET /admin/project/2/apps HTTP/1.1" 304 - "http://localhost:8080/project/" "Mozilla/5.0 (Windows NT 6.1; Win64; x64) AppleWebKit/537.36 (KHTML, like Gecko) Chrome/83.0.4103.61 Safari/537.36"
[2020-06-02T16:18:32.791] [INFO] default - ::ffff:127.0.0.1 - - "GET /admin/project/list HTTP/1.1" 200 35 "http://localhost:8080/project/" "Mozilla/5.0 (Windows NT 6.1; Win64; x64) AppleWebKit/537.36 (KHTML, like Gecko) Chrome/83.0.4103.61 Safari/537.36"
[2020-06-02T16:18:36.136] [INFO] default - ::ffff:127.0.0.1 - - "POST /admin/login/signin HTTP/1.1" 200 132 "http://localhost:8080/login?redirect=%2Fproject%2F" "Mozilla/5.0 (Windows NT 6.1; Win64; x64) AppleWebKit/537.36 (KHTML, like Gecko) Chrome/83.0.4103.61 Safari/537.36"
[2020-06-02T16:18:36.281] [INFO] default - ::ffff:127.0.0.1 - - "GET /admin/project/list HTTP/1.1" 200 508 "http://localhost:8080/project/" "Mozilla/5.0 (Windows NT 6.1; Win64; x64) AppleWebKit/537.36 (KHTML, like Gecko) Chrome/83.0.4103.61 Safari/537.36"
[2020-06-02T16:18:38.725] [WARN] default - ::ffff:127.0.0.1 - - "GET /admin/project/2/apps HTTP/1.1" 304 - "http://localhost:8080/project/" "Mozilla/5.0 (Windows NT 6.1; Win64; x64) AppleWebKit/537.36 (KHTML, like Gecko) Chrome/83.0.4103.61 Safari/537.36"
[2020-06-02T16:18:41.977] [INFO] default - ::ffff:127.0.0.1 - - "DELETE /admin/project/2/apps/1 HTTP/1.1" 200 30 "http://localhost:8080/project/" "Mozilla/5.0 (Windows NT 6.1; Win64; x64) AppleWebKit/537.36 (KHTML, like Gecko) Chrome/83.0.4103.61 Safari/537.36"
[2020-06-02T16:18:47.888] [WARN] default - ::ffff:127.0.0.1 - - "GET /admin/project/2/apps HTTP/1.1" 304 - "http://localhost:8080/project/" "Mozilla/5.0 (Windows NT 6.1; Win64; x64) AppleWebKit/537.36 (KHTML, like Gecko) Chrome/83.0.4103.61 Safari/537.36"
[2020-06-02T16:19:43.338] [INFO] default - ::ffff:127.0.0.1 - - "GET /admin/project/list HTTP/1.1" 200 35 "http://localhost:8080/project/" "Mozilla/5.0 (Windows NT 6.1; Win64; x64) AppleWebKit/537.36 (KHTML, like Gecko) Chrome/83.0.4103.61 Safari/537.36"
[2020-06-02T16:19:46.827] [INFO] default - ::ffff:127.0.0.1 - - "POST /admin/login/signin HTTP/1.1" 200 132 "http://localhost:8080/login?redirect=%2Fproject%2F" "Mozilla/5.0 (Windows NT 6.1; Win64; x64) AppleWebKit/537.36 (KHTML, like Gecko) Chrome/83.0.4103.61 Safari/537.36"
[2020-06-02T16:19:46.970] [INFO] default - ::ffff:127.0.0.1 - - "GET /admin/project/list HTTP/1.1" 200 508 "http://localhost:8080/project/" "Mozilla/5.0 (Windows NT 6.1; Win64; x64) AppleWebKit/537.36 (KHTML, like Gecko) Chrome/83.0.4103.61 Safari/537.36"
[2020-06-02T16:19:49.121] [WARN] default - ::ffff:127.0.0.1 - - "GET /admin/project/2/apps HTTP/1.1" 304 - "http://localhost:8080/project/" "Mozilla/5.0 (Windows NT 6.1; Win64; x64) AppleWebKit/537.36 (KHTML, like Gecko) Chrome/83.0.4103.61 Safari/537.36"
[2020-06-02T16:19:52.816] [INFO] default - ::ffff:127.0.0.1 - - "DELETE /admin/project/2/apps/1 HTTP/1.1" 200 30 "http://localhost:8080/project/" "Mozilla/5.0 (Windows NT 6.1; Win64; x64) AppleWebKit/537.36 (KHTML, like Gecko) Chrome/83.0.4103.61 Safari/537.36"
[2020-06-02T16:19:56.527] [WARN] default - ::ffff:127.0.0.1 - - "GET /admin/project/2/apps HTTP/1.1" 304 - "http://localhost:8080/project/" "Mozilla/5.0 (Windows NT 6.1; Win64; x64) AppleWebKit/537.36 (KHTML, like Gecko) Chrome/83.0.4103.61 Safari/537.36"
[2020-06-02T16:20:56.065] [INFO] default - ::ffff:127.0.0.1 - - "GET /admin/project/list HTTP/1.1" 200 35 "http://localhost:8080/project/" "Mozilla/5.0 (Windows NT 6.1; Win64; x64) AppleWebKit/537.36 (KHTML, like Gecko) Chrome/83.0.4103.61 Safari/537.36"
[2020-06-02T16:20:59.444] [INFO] default - ::ffff:127.0.0.1 - - "POST /admin/login/signin HTTP/1.1" 200 132 "http://localhost:8080/login?redirect=%2Fproject%2F" "Mozilla/5.0 (Windows NT 6.1; Win64; x64) AppleWebKit/537.36 (KHTML, like Gecko) Chrome/83.0.4103.61 Safari/537.36"
[2020-06-02T16:20:59.596] [INFO] default - ::ffff:127.0.0.1 - - "GET /admin/project/list HTTP/1.1" 200 508 "http://localhost:8080/project/" "Mozilla/5.0 (Windows NT 6.1; Win64; x64) AppleWebKit/537.36 (KHTML, like Gecko) Chrome/83.0.4103.61 Safari/537.36"
[2020-06-02T16:21:01.151] [WARN] default - ::ffff:127.0.0.1 - - "GET /admin/project/2/apps HTTP/1.1" 304 - "http://localhost:8080/project/" "Mozilla/5.0 (Windows NT 6.1; Win64; x64) AppleWebKit/537.36 (KHTML, like Gecko) Chrome/83.0.4103.61 Safari/537.36"
[2020-06-02T16:21:04.230] [INFO] default - ::ffff:127.0.0.1 - - "DELETE /admin/project/2/apps/1 HTTP/1.1" 200 30 "http://localhost:8080/project/" "Mozilla/5.0 (Windows NT 6.1; Win64; x64) AppleWebKit/537.36 (KHTML, like Gecko) Chrome/83.0.4103.61 Safari/537.36"
[2020-06-02T16:21:07.450] [INFO] default - ::ffff:127.0.0.1 - - "GET /admin/project/2/apps HTTP/1.1" 200 53 "http://localhost:8080/project/" "Mozilla/5.0 (Windows NT 6.1; Win64; x64) AppleWebKit/537.36 (KHTML, like Gecko) Chrome/83.0.4103.61 Safari/537.36"
[2020-06-02T16:23:07.092] [INFO] default - ::ffff:127.0.0.1 - - "POST /admin/project/list HTTP/1.1" 200 30 "http://localhost:8080/project/" "Mozilla/5.0 (Windows NT 6.1; Win64; x64) AppleWebKit/537.36 (KHTML, like Gecko) Chrome/83.0.4103.61 Safari/537.36"
[2020-06-02T16:23:07.316] [INFO] default - ::ffff:127.0.0.1 - - "GET /admin/project/list HTTP/1.1" 200 708 "http://localhost:8080/project/" "Mozilla/5.0 (Windows NT 6.1; Win64; x64) AppleWebKit/537.36 (KHTML, like Gecko) Chrome/83.0.4103.61 Safari/537.36"
[2020-06-02T16:23:09.390] [INFO] default - ::ffff:127.0.0.1 - - "GET /admin/project/3/apps HTTP/1.1" 200 53 "http://localhost:8080/project/" "Mozilla/5.0 (Windows NT 6.1; Win64; x64) AppleWebKit/537.36 (KHTML, like Gecko) Chrome/83.0.4103.61 Safari/537.36"
[2020-06-02T16:29:32.259] [INFO] default - ::1 - - "GET /adminn/project/ HTTP/1.1" 200 - "http://localhost:8060/adminn/login?redirect=%2Fproject%2F" "Mozilla/5.0 (Windows NT 6.1; Win64; x64) AppleWebKit/537.36 (KHTML, like Gecko) Chrome/83.0.4103.61 Safari/537.36"
[2020-06-02T16:29:32.293] [INFO] default - ::1 - - "GET /adminn/static/js/manifest.f23f41e6cbe7c2266df6.js HTTP/1.1" 200 1409 "http://localhost:8060/adminn/project/" "Mozilla/5.0 (Windows NT 6.1; Win64; x64) AppleWebKit/537.36 (KHTML, like Gecko) Chrome/83.0.4103.61 Safari/537.36"
[2020-06-02T16:29:32.298] [INFO] default - ::1 - - "GET /adminn/static/js/app.3c25238e860faad007fc.js HTTP/1.1" 200 17141 "http://localhost:8060/adminn/project/" "Mozilla/5.0 (Windows NT 6.1; Win64; x64) AppleWebKit/537.36 (KHTML, like Gecko) Chrome/83.0.4103.61 Safari/537.36"
[2020-06-02T16:29:32.313] [INFO] default - ::1 - - "GET /adminn/static/css/app.d121765e895b40678f52b91850928e07.css HTTP/1.1" 200 234993 "http://localhost:8060/adminn/project/" "Mozilla/5.0 (Windows NT 6.1; Win64; x64) AppleWebKit/537.36 (KHTML, like Gecko) Chrome/83.0.4103.61 Safari/537.36"
[2020-06-02T16:29:32.471] [INFO] default - ::1 - - "GET /adminn/static/js/vendor.4334dc3262b65d602c6f.js HTTP/1.1" 200 882432 "http://localhost:8060/adminn/project/" "Mozilla/5.0 (Windows NT 6.1; Win64; x64) AppleWebKit/537.36 (KHTML, like Gecko) Chrome/83.0.4103.61 Safari/537.36"
[2020-06-02T16:29:32.733] [INFO] default - ::1 - - "GET /adminn/static/js/0.cb623e153bd24ba3da75.js HTTP/1.1" 200 19853 "http://localhost:8060/adminn/project/" "Mozilla/5.0 (Windows NT 6.1; Win64; x64) AppleWebKit/537.36 (KHTML, like Gecko) Chrome/83.0.4103.61 Safari/537.36"
[2020-06-02T16:29:32.774] [INFO] default - ::1 - - "GET /adminn/static/img/logo.512.a5d1d1f.png HTTP/1.1" 200 19662 "http://localhost:8060/adminn/project/" "Mozilla/5.0 (Windows NT 6.1; Win64; x64) AppleWebKit/537.36 (KHTML, like Gecko) Chrome/83.0.4103.61 Safari/537.36"
[2020-06-02T16:29:32.843] [INFO] default - ::1 - - "GET /adminn/static/fonts/element-icons.535877f.woff HTTP/1.1" 200 28200 "http://localhost:8060/adminn/static/css/app.d121765e895b40678f52b91850928e07.css" "Mozilla/5.0 (Windows NT 6.1; Win64; x64) AppleWebKit/537.36 (KHTML, like Gecko) Chrome/83.0.4103.61 Safari/537.36"
[2020-06-02T16:29:32.864] [INFO] default - ::1 - - "GET /admin/project/list HTTP/1.1" 200 35 "http://localhost:8060/adminn/project/" "Mozilla/5.0 (Windows NT 6.1; Win64; x64) AppleWebKit/537.36 (KHTML, like Gecko) Chrome/83.0.4103.61 Safari/537.36"
[2020-06-02T16:29:32.924] [INFO] default - ::1 - - "GET /favicon.ico HTTP/1.1" 200 67646 "http://localhost:8060/adminn/project/" "Mozilla/5.0 (Windows NT 6.1; Win64; x64) AppleWebKit/537.36 (KHTML, like Gecko) Chrome/83.0.4103.61 Safari/537.36"
[2020-06-02T16:29:33.858] [INFO] default - ::1 - - "GET /adminn/project/ HTTP/1.1" 200 - "http://localhost:8060/adminn/project/" "Mozilla/5.0 (Windows NT 6.1; Win64; x64) AppleWebKit/537.36 (KHTML, like Gecko) Chrome/83.0.4103.61 Safari/537.36"
[2020-06-02T16:29:33.887] [WARN] default - ::1 - - "GET /adminn/static/css/app.d121765e895b40678f52b91850928e07.css HTTP/1.1" 304 - "http://localhost:8060/adminn/project/" "Mozilla/5.0 (Windows NT 6.1; Win64; x64) AppleWebKit/537.36 (KHTML, like Gecko) Chrome/83.0.4103.61 Safari/537.36"
[2020-06-02T16:29:33.888] [WARN] default - ::1 - - "GET /adminn/static/js/manifest.f23f41e6cbe7c2266df6.js HTTP/1.1" 304 - "http://localhost:8060/adminn/project/" "Mozilla/5.0 (Windows NT 6.1; Win64; x64) AppleWebKit/537.36 (KHTML, like Gecko) Chrome/83.0.4103.61 Safari/537.36"
[2020-06-02T16:29:33.888] [WARN] default - ::1 - - "GET /adminn/static/js/vendor.4334dc3262b65d602c6f.js HTTP/1.1" 304 - "http://localhost:8060/adminn/project/" "Mozilla/5.0 (Windows NT 6.1; Win64; x64) AppleWebKit/537.36 (KHTML, like Gecko) Chrome/83.0.4103.61 Safari/537.36"
[2020-06-02T16:29:33.889] [WARN] default - ::1 - - "GET /adminn/static/js/app.3c25238e860faad007fc.js HTTP/1.1" 304 - "http://localhost:8060/adminn/project/" "Mozilla/5.0 (Windows NT 6.1; Win64; x64) AppleWebKit/537.36 (KHTML, like Gecko) Chrome/83.0.4103.61 Safari/537.36"
[2020-06-02T16:29:35.440] [WARN] default - ::1 - - "GET /adminn/static/fonts/element-icons.535877f.woff HTTP/1.1" 304 - "http://localhost:8060/adminn/static/css/app.d121765e895b40678f52b91850928e07.css" "Mozilla/5.0 (Windows NT 6.1; Win64; x64) AppleWebKit/537.36 (KHTML, like Gecko) Chrome/83.0.4103.61 Safari/537.36"
[2020-06-02T16:29:35.485] [INFO] default - ::1 - - "POST /admin/login/signin HTTP/1.1" 200 132 "http://localhost:8060/adminn/login?redirect=%2Fproject%2F" "Mozilla/5.0 (Windows NT 6.1; Win64; x64) AppleWebKit/537.36 (KHTML, like Gecko) Chrome/83.0.4103.61 Safari/537.36"
[2020-06-02T16:29:35.503] [WARN] default - ::1 - - "GET /adminn/static/js/0.cb623e153bd24ba3da75.js HTTP/1.1" 304 - "http://localhost:8060/adminn/login?redirect=%2Fproject%2F" "Mozilla/5.0 (Windows NT 6.1; Win64; x64) AppleWebKit/537.36 (KHTML, like Gecko) Chrome/83.0.4103.61 Safari/537.36"
[2020-06-02T16:29:35.523] [WARN] default - ::1 - - "GET /adminn/static/img/logo.512.a5d1d1f.png HTTP/1.1" 304 - "http://localhost:8060/adminn/project/" "Mozilla/5.0 (Windows NT 6.1; Win64; x64) AppleWebKit/537.36 (KHTML, like Gecko) Chrome/83.0.4103.61 Safari/537.36"
[2020-06-02T16:29:35.597] [INFO] default - ::1 - - "GET /admin/project/list HTTP/1.1" 200 708 "http://localhost:8060/adminn/project/" "Mozilla/5.0 (Windows NT 6.1; Win64; x64) AppleWebKit/537.36 (KHTML, like Gecko) Chrome/83.0.4103.61 Safari/537.36"
[2020-06-02T16:29:37.543] [WARN] default - ::1 - - "GET /admin/project/1/apps HTTP/1.1" 304 - "http://localhost:8060/adminn/project/" "Mozilla/5.0 (Windows NT 6.1; Win64; x64) AppleWebKit/537.36 (KHTML, like Gecko) Chrome/83.0.4103.61 Safari/537.36"
[2020-06-02T16:29:39.999] [INFO] default - ::1 - - "GET /admin/project/3/apps HTTP/1.1" 200 53 "http://localhost:8060/adminn/project/" "Mozilla/5.0 (Windows NT 6.1; Win64; x64) AppleWebKit/537.36 (KHTML, like Gecko) Chrome/83.0.4103.61 Safari/537.36"
[2020-06-02T16:29:41.966] [INFO] default - ::1 - - "GET /admin/project/2/apps HTTP/1.1" 200 53 "http://localhost:8060/adminn/project/" "Mozilla/5.0 (Windows NT 6.1; Win64; x64) AppleWebKit/537.36 (KHTML, like Gecko) Chrome/83.0.4103.61 Safari/537.36"
[2020-06-02T16:29:44.108] [WARN] default - ::1 - - "GET /app/testipa/icon512.png HTTP/1.1" 304 - "http://localhost:8060/adminn/project/" "Mozilla/5.0 (Windows NT 6.1; Win64; x64) AppleWebKit/537.36 (KHTML, like Gecko) Chrome/83.0.4103.61 Safari/537.36"
[2020-06-02T16:29:46.020] [INFO] default - ::1 - - "GET /app/testipa/ HTTP/1.1" 200 8608 "http://localhost:8060/adminn/project/" "Mozilla/5.0 (Windows NT 6.1; Win64; x64) AppleWebKit/537.36 (KHTML, like Gecko) Chrome/83.0.4103.61 Safari/537.36"
[2020-06-02T16:29:46.190] [INFO] default - ::1 - - "GET /app/testipa/icon180.png HTTP/1.1" 200 16201 "http://localhost:8060/app/testipa/" "Mozilla/5.0 (Windows NT 6.1; Win64; x64) AppleWebKit/537.36 (KHTML, like Gecko) Chrome/83.0.4103.61 Safari/537.36"
[2020-06-02T16:29:46.192] [INFO] default - ::1 - - "GET /app/testipa/icon120.png HTTP/1.1" 200 7129 "http://localhost:8060/app/testipa/" "Mozilla/5.0 (Windows NT 6.1; Win64; x64) AppleWebKit/537.36 (KHTML, like Gecko) Chrome/83.0.4103.61 Safari/537.36"
[2020-06-02T16:29:53.286] [WARN] default - ::1 - - "GET /admin/project/2/apps HTTP/1.1" 304 - "http://localhost:8060/adminn/project/" "Mozilla/5.0 (Windows NT 6.1; Win64; x64) AppleWebKit/537.36 (KHTML, like Gecko) Chrome/83.0.4103.61 Safari/537.36"
[2020-06-02T17:33:40.248] [INFO] default - ::1 - - "GET /adminn/project/ HTTP/1.1" 200 - "http://localhost:8060/adminn/login?redirect=%2Fproject%2F" "Mozilla/5.0 (Windows NT 6.1; Win64; x64) AppleWebKit/537.36 (KHTML, like Gecko) Chrome/83.0.4103.61 Safari/537.36"
[2020-06-02T17:33:40.332] [WARN] default - ::1 - - "GET /adminn/static/css/app.d121765e895b40678f52b91850928e07.css HTTP/1.1" 304 - "http://localhost:8060/adminn/project/" "Mozilla/5.0 (Windows NT 6.1; Win64; x64) AppleWebKit/537.36 (KHTML, like Gecko) Chrome/83.0.4103.61 Safari/537.36"
[2020-06-02T17:33:40.334] [WARN] default - ::1 - - "GET /adminn/static/js/manifest.f23f41e6cbe7c2266df6.js HTTP/1.1" 304 - "http://localhost:8060/adminn/project/" "Mozilla/5.0 (Windows NT 6.1; Win64; x64) AppleWebKit/537.36 (KHTML, like Gecko) Chrome/83.0.4103.61 Safari/537.36"
[2020-06-02T17:33:40.335] [WARN] default - ::1 - - "GET /adminn/static/js/vendor.4334dc3262b65d602c6f.js HTTP/1.1" 304 - "http://localhost:8060/adminn/project/" "Mozilla/5.0 (Windows NT 6.1; Win64; x64) AppleWebKit/537.36 (KHTML, like Gecko) Chrome/83.0.4103.61 Safari/537.36"
[2020-06-02T17:33:40.337] [WARN] default - ::1 - - "GET /adminn/static/js/app.3c25238e860faad007fc.js HTTP/1.1" 304 - "http://localhost:8060/adminn/project/" "Mozilla/5.0 (Windows NT 6.1; Win64; x64) AppleWebKit/537.36 (KHTML, like Gecko) Chrome/83.0.4103.61 Safari/537.36"
[2020-06-02T17:33:40.784] [WARN] default - ::1 - - "GET /adminn/static/js/0.cb623e153bd24ba3da75.js HTTP/1.1" 304 - "http://localhost:8060/adminn/project/" "Mozilla/5.0 (Windows NT 6.1; Win64; x64) AppleWebKit/537.36 (KHTML, like Gecko) Chrome/83.0.4103.61 Safari/537.36"
[2020-06-02T17:33:40.947] [WARN] default - ::1 - - "GET /adminn/static/img/logo.512.a5d1d1f.png HTTP/1.1" 304 - "http://localhost:8060/adminn/project/" "Mozilla/5.0 (Windows NT 6.1; Win64; x64) AppleWebKit/537.36 (KHTML, like Gecko) Chrome/83.0.4103.61 Safari/537.36"
[2020-06-02T17:33:40.957] [INFO] default - ::1 - - "GET /admin/project/list HTTP/1.1" 200 35 "http://localhost:8060/adminn/project/" "Mozilla/5.0 (Windows NT 6.1; Win64; x64) AppleWebKit/537.36 (KHTML, like Gecko) Chrome/83.0.4103.61 Safari/537.36"
[2020-06-02T17:33:40.975] [WARN] default - ::1 - - "GET /adminn/static/fonts/element-icons.535877f.woff HTTP/1.1" 304 - "http://localhost:8060/adminn/static/css/app.d121765e895b40678f52b91850928e07.css" "Mozilla/5.0 (Windows NT 6.1; Win64; x64) AppleWebKit/537.36 (KHTML, like Gecko) Chrome/83.0.4103.61 Safari/537.36"
[2020-06-02T17:33:41.039] [INFO] default - ::1 - - "GET /favicon.ico HTTP/1.1" 200 67646 "http://localhost:8060/adminn/project/" "Mozilla/5.0 (Windows NT 6.1; Win64; x64) AppleWebKit/537.36 (KHTML, like Gecko) Chrome/83.0.4103.61 Safari/537.36"
[2020-06-02T17:33:42.833] [INFO] default - ::1 - - "GET /adminn/project/ HTTP/1.1" 200 - "http://localhost:8060/adminn/project/" "Mozilla/5.0 (Windows NT 6.1; Win64; x64) AppleWebKit/537.36 (KHTML, like Gecko) Chrome/83.0.4103.61 Safari/537.36"
[2020-06-02T17:33:42.860] [WARN] default - ::1 - - "GET /adminn/static/css/app.d121765e895b40678f52b91850928e07.css HTTP/1.1" 304 - "http://localhost:8060/adminn/project/" "Mozilla/5.0 (Windows NT 6.1; Win64; x64) AppleWebKit/537.36 (KHTML, like Gecko) Chrome/83.0.4103.61 Safari/537.36"
[2020-06-02T17:33:42.861] [WARN] default - ::1 - - "GET /adminn/static/js/manifest.f23f41e6cbe7c2266df6.js HTTP/1.1" 304 - "http://localhost:8060/adminn/project/" "Mozilla/5.0 (Windows NT 6.1; Win64; x64) AppleWebKit/537.36 (KHTML, like Gecko) Chrome/83.0.4103.61 Safari/537.36"
[2020-06-02T17:33:42.862] [WARN] default - ::1 - - "GET /adminn/static/js/vendor.4334dc3262b65d602c6f.js HTTP/1.1" 304 - "http://localhost:8060/adminn/project/" "Mozilla/5.0 (Windows NT 6.1; Win64; x64) AppleWebKit/537.36 (KHTML, like Gecko) Chrome/83.0.4103.61 Safari/537.36"
[2020-06-02T17:33:42.862] [WARN] default - ::1 - - "GET /adminn/static/js/app.3c25238e860faad007fc.js HTTP/1.1" 304 - "http://localhost:8060/adminn/project/" "Mozilla/5.0 (Windows NT 6.1; Win64; x64) AppleWebKit/537.36 (KHTML, like Gecko) Chrome/83.0.4103.61 Safari/537.36"
[2020-06-02T17:33:44.621] [INFO] default - ::1 - - "POST /admin/login/signin HTTP/1.1" 200 132 "http://localhost:8060/adminn/login?redirect=%2Fproject%2F" "Mozilla/5.0 (Windows NT 6.1; Win64; x64) AppleWebKit/537.36 (KHTML, like Gecko) Chrome/83.0.4103.61 Safari/537.36"
[2020-06-02T17:33:44.639] [WARN] default - ::1 - - "GET /adminn/static/js/0.cb623e153bd24ba3da75.js HTTP/1.1" 304 - "http://localhost:8060/adminn/login?redirect=%2Fproject%2F" "Mozilla/5.0 (Windows NT 6.1; Win64; x64) AppleWebKit/537.36 (KHTML, like Gecko) Chrome/83.0.4103.61 Safari/537.36"
[2020-06-02T17:33:44.663] [WARN] default - ::1 - - "GET /adminn/static/img/logo.512.a5d1d1f.png HTTP/1.1" 304 - "http://localhost:8060/adminn/project/" "Mozilla/5.0 (Windows NT 6.1; Win64; x64) AppleWebKit/537.36 (KHTML, like Gecko) Chrome/83.0.4103.61 Safari/537.36"
[2020-06-02T17:33:44.748] [INFO] default - ::1 - - "GET /admin/project/list HTTP/1.1" 200 708 "http://localhost:8060/adminn/project/" "Mozilla/5.0 (Windows NT 6.1; Win64; x64) AppleWebKit/537.36 (KHTML, like Gecko) Chrome/83.0.4103.61 Safari/537.36"
[2020-06-02T17:33:46.747] [INFO] default - ::1 - - "GET /admin/project/1/apps HTTP/1.1" 200 129 "http://localhost:8060/adminn/project/" "Mozilla/5.0 (Windows NT 6.1; Win64; x64) AppleWebKit/537.36 (KHTML, like Gecko) Chrome/83.0.4103.61 Safari/537.36"
[2020-06-02T17:33:49.414] [WARN] default - ::1 - - "GET /admin/project/2/apps HTTP/1.1" 304 - "http://localhost:8060/adminn/project/" "Mozilla/5.0 (Windows NT 6.1; Win64; x64) AppleWebKit/537.36 (KHTML, like Gecko) Chrome/83.0.4103.61 Safari/537.36"
[2020-06-02T17:33:51.595] [WARN] default - ::1 - - "GET /admin/project/3/apps HTTP/1.1" 304 - "http://localhost:8060/adminn/project/" "Mozilla/5.0 (Windows NT 6.1; Win64; x64) AppleWebKit/537.36 (KHTML, like Gecko) Chrome/83.0.4103.61 Safari/537.36"
[2020-06-02T17:33:54.957] [WARN] default - ::1 - - "GET /admin/project/1/apps HTTP/1.1" 304 - "http://localhost:8060/adminn/project/" "Mozilla/5.0 (Windows NT 6.1; Win64; x64) AppleWebKit/537.36 (KHTML, like Gecko) Chrome/83.0.4103.61 Safari/537.36"
[2020-06-02T17:33:57.895] [INFO] default - ::1 - - "DELETE /admin/project/1/apps/1 HTTP/1.1" 200 30 "http://localhost:8060/adminn/project/" "Mozilla/5.0 (Windows NT 6.1; Win64; x64) AppleWebKit/537.36 (KHTML, like Gecko) Chrome/83.0.4103.61 Safari/537.36"
[2020-06-02T17:33:59.790] [INFO] default - ::1 - - "GET /admin/project/1/apps HTTP/1.1" 200 53 "http://localhost:8060/adminn/project/" "Mozilla/5.0 (Windows NT 6.1; Win64; x64) AppleWebKit/537.36 (KHTML, like Gecko) Chrome/83.0.4103.61 Safari/537.36"
[2020-06-02T17:38:59.885] [INFO] default - ::1 - - "GET /adminn/project/ HTTP/1.1" 200 - "http://localhost:8060/adminn/login?redirect=%2Fproject%2F" "Mozilla/5.0 (Windows NT 6.1; Win64; x64) AppleWebKit/537.36 (KHTML, like Gecko) Chrome/83.0.4103.61 Safari/537.36"
[2020-06-02T17:39:00.136] [WARN] default - ::1 - - "GET /adminn/static/css/app.d121765e895b40678f52b91850928e07.css HTTP/1.1" 304 - "http://localhost:8060/adminn/project/" "Mozilla/5.0 (Windows NT 6.1; Win64; x64) AppleWebKit/537.36 (KHTML, like Gecko) Chrome/83.0.4103.61 Safari/537.36"
[2020-06-02T17:39:00.137] [WARN] default - ::ffff:127.0.0.1 - - "GET /adminn/static/js/manifest.f23f41e6cbe7c2266df6.js HTTP/1.1" 304 - "http://localhost:8060/adminn/project/" "Mozilla/5.0 (Windows NT 6.1; Win64; x64) AppleWebKit/537.36 (KHTML, like Gecko) Chrome/83.0.4103.61 Safari/537.36"
[2020-06-02T17:39:00.138] [WARN] default - ::ffff:127.0.0.1 - - "GET /adminn/static/js/vendor.4334dc3262b65d602c6f.js HTTP/1.1" 304 - "http://localhost:8060/adminn/project/" "Mozilla/5.0 (Windows NT 6.1; Win64; x64) AppleWebKit/537.36 (KHTML, like Gecko) Chrome/83.0.4103.61 Safari/537.36"
[2020-06-02T17:39:00.139] [WARN] default - ::1 - - "GET /adminn/static/js/app.3c25238e860faad007fc.js HTTP/1.1" 304 - "http://localhost:8060/adminn/project/" "Mozilla/5.0 (Windows NT 6.1; Win64; x64) AppleWebKit/537.36 (KHTML, like Gecko) Chrome/83.0.4103.61 Safari/537.36"
[2020-06-02T17:39:00.535] [WARN] default - ::1 - - "GET /adminn/static/js/0.cb623e153bd24ba3da75.js HTTP/1.1" 304 - "http://localhost:8060/adminn/project/" "Mozilla/5.0 (Windows NT 6.1; Win64; x64) AppleWebKit/537.36 (KHTML, like Gecko) Chrome/83.0.4103.61 Safari/537.36"
[2020-06-02T17:39:00.684] [WARN] default - ::1 - - "GET /adminn/static/img/logo.512.a5d1d1f.png HTTP/1.1" 304 - "http://localhost:8060/adminn/project/" "Mozilla/5.0 (Windows NT 6.1; Win64; x64) AppleWebKit/537.36 (KHTML, like Gecko) Chrome/83.0.4103.61 Safari/537.36"
[2020-06-02T17:39:00.695] [INFO] default - ::1 - - "GET /admin/project/list HTTP/1.1" 200 35 "http://localhost:8060/adminn/project/" "Mozilla/5.0 (Windows NT 6.1; Win64; x64) AppleWebKit/537.36 (KHTML, like Gecko) Chrome/83.0.4103.61 Safari/537.36"
[2020-06-02T17:39:00.709] [WARN] default - ::1 - - "GET /adminn/static/fonts/element-icons.535877f.woff HTTP/1.1" 304 - "http://localhost:8060/adminn/static/css/app.d121765e895b40678f52b91850928e07.css" "Mozilla/5.0 (Windows NT 6.1; Win64; x64) AppleWebKit/537.36 (KHTML, like Gecko) Chrome/83.0.4103.61 Safari/537.36"
[2020-06-02T17:39:00.821] [INFO] default - ::1 - - "GET /favicon.ico HTTP/1.1" 200 67646 "http://localhost:8060/adminn/project/" "Mozilla/5.0 (Windows NT 6.1; Win64; x64) AppleWebKit/537.36 (KHTML, like Gecko) Chrome/83.0.4103.61 Safari/537.36"
[2020-06-02T17:39:02.581] [INFO] default - ::1 - - "GET /adminn/project/ HTTP/1.1" 200 - "http://localhost:8060/adminn/project/" "Mozilla/5.0 (Windows NT 6.1; Win64; x64) AppleWebKit/537.36 (KHTML, like Gecko) Chrome/83.0.4103.61 Safari/537.36"
[2020-06-02T17:39:02.614] [WARN] default - ::1 - - "GET /adminn/static/css/app.d121765e895b40678f52b91850928e07.css HTTP/1.1" 304 - "http://localhost:8060/adminn/project/" "Mozilla/5.0 (Windows NT 6.1; Win64; x64) AppleWebKit/537.36 (KHTML, like Gecko) Chrome/83.0.4103.61 Safari/537.36"
[2020-06-02T17:39:02.615] [WARN] default - ::ffff:127.0.0.1 - - "GET /adminn/static/js/manifest.f23f41e6cbe7c2266df6.js HTTP/1.1" 304 - "http://localhost:8060/adminn/project/" "Mozilla/5.0 (Windows NT 6.1; Win64; x64) AppleWebKit/537.36 (KHTML, like Gecko) Chrome/83.0.4103.61 Safari/537.36"
[2020-06-02T17:39:02.616] [WARN] default - ::ffff:127.0.0.1 - - "GET /adminn/static/js/vendor.4334dc3262b65d602c6f.js HTTP/1.1" 304 - "http://localhost:8060/adminn/project/" "Mozilla/5.0 (Windows NT 6.1; Win64; x64) AppleWebKit/537.36 (KHTML, like Gecko) Chrome/83.0.4103.61 Safari/537.36"
[2020-06-02T17:39:02.617] [WARN] default - ::1 - - "GET /adminn/static/js/app.3c25238e860faad007fc.js HTTP/1.1" 304 - "http://localhost:8060/adminn/project/" "Mozilla/5.0 (Windows NT 6.1; Win64; x64) AppleWebKit/537.36 (KHTML, like Gecko) Chrome/83.0.4103.61 Safari/537.36"
[2020-06-02T17:39:04.311] [INFO] default - ::1 - - "POST /admin/login/signin HTTP/1.1" 200 132 "http://localhost:8060/adminn/login?redirect=%2Fproject%2F" "Mozilla/5.0 (Windows NT 6.1; Win64; x64) AppleWebKit/537.36 (KHTML, like Gecko) Chrome/83.0.4103.61 Safari/537.36"
[2020-06-02T17:39:04.322] [WARN] default - ::1 - - "GET /adminn/static/js/0.cb623e153bd24ba3da75.js HTTP/1.1" 304 - "http://localhost:8060/adminn/login?redirect=%2Fproject%2F" "Mozilla/5.0 (Windows NT 6.1; Win64; x64) AppleWebKit/537.36 (KHTML, like Gecko) Chrome/83.0.4103.61 Safari/537.36"
[2020-06-02T17:39:04.342] [WARN] default - ::1 - - "GET /adminn/static/img/logo.512.a5d1d1f.png HTTP/1.1" 304 - "http://localhost:8060/adminn/project/" "Mozilla/5.0 (Windows NT 6.1; Win64; x64) AppleWebKit/537.36 (KHTML, like Gecko) Chrome/83.0.4103.61 Safari/537.36"
[2020-06-02T17:39:04.425] [INFO] default - ::1 - - "GET /admin/project/list HTTP/1.1" 200 3788 "http://localhost:8060/adminn/project/" "Mozilla/5.0 (Windows NT 6.1; Win64; x64) AppleWebKit/537.36 (KHTML, like Gecko) Chrome/83.0.4103.61 Safari/537.36"
[2020-06-02T17:39:38.253] [ERROR] default - ::1 - - "GET /app/ubcoinipa/icon512.png HTTP/1.1" 404 - "http://localhost:8060/adminn/project/" "Mozilla/5.0 (Windows NT 6.1; Win64; x64) AppleWebKit/537.36 (KHTML, like Gecko) Chrome/83.0.4103.61 Safari/537.36"
[2020-06-02T17:39:42.917] [INFO] default - ::1 - - "GET /admin/project/17/apps HTTP/1.1" 200 38 "http://localhost:8060/adminn/project/" "Mozilla/5.0 (Windows NT 6.1; Win64; x64) AppleWebKit/537.36 (KHTML, like Gecko) Chrome/83.0.4103.61 Safari/537.36"
[2020-06-02T18:06:48.526] [INFO] default - ::1 - - "GET /adminn/project/ HTTP/1.1" 200 - "http://localhost:8060/adminn/login?redirect=%2Fproject%2F" "Mozilla/5.0 (Windows NT 6.1; Win64; x64) AppleWebKit/537.36 (KHTML, like Gecko) Chrome/83.0.4103.61 Safari/537.36"
[2020-06-02T18:06:48.556] [WARN] default - ::1 - - "GET /adminn/static/css/app.d121765e895b40678f52b91850928e07.css HTTP/1.1" 304 - "http://localhost:8060/adminn/project/" "Mozilla/5.0 (Windows NT 6.1; Win64; x64) AppleWebKit/537.36 (KHTML, like Gecko) Chrome/83.0.4103.61 Safari/537.36"
[2020-06-02T18:06:48.557] [WARN] default - ::1 - - "GET /adminn/static/js/manifest.f23f41e6cbe7c2266df6.js HTTP/1.1" 304 - "http://localhost:8060/adminn/project/" "Mozilla/5.0 (Windows NT 6.1; Win64; x64) AppleWebKit/537.36 (KHTML, like Gecko) Chrome/83.0.4103.61 Safari/537.36"
[2020-06-02T18:06:48.560] [WARN] default - ::1 - - "GET /adminn/static/js/vendor.4334dc3262b65d602c6f.js HTTP/1.1" 304 - "http://localhost:8060/adminn/project/" "Mozilla/5.0 (Windows NT 6.1; Win64; x64) AppleWebKit/537.36 (KHTML, like Gecko) Chrome/83.0.4103.61 Safari/537.36"
[2020-06-02T18:06:48.561] [WARN] default - ::1 - - "GET /adminn/static/js/app.3c25238e860faad007fc.js HTTP/1.1" 304 - "http://localhost:8060/adminn/project/" "Mozilla/5.0 (Windows NT 6.1; Win64; x64) AppleWebKit/537.36 (KHTML, like Gecko) Chrome/83.0.4103.61 Safari/537.36"
[2020-06-02T18:06:48.962] [WARN] default - ::1 - - "GET /adminn/static/js/0.cb623e153bd24ba3da75.js HTTP/1.1" 304 - "http://localhost:8060/adminn/project/" "Mozilla/5.0 (Windows NT 6.1; Win64; x64) AppleWebKit/537.36 (KHTML, like Gecko) Chrome/83.0.4103.61 Safari/537.36"
[2020-06-02T18:06:48.999] [WARN] default - ::1 - - "GET /adminn/static/img/logo.512.a5d1d1f.png HTTP/1.1" 304 - "http://localhost:8060/adminn/project/" "Mozilla/5.0 (Windows NT 6.1; Win64; x64) AppleWebKit/537.36 (KHTML, like Gecko) Chrome/83.0.4103.61 Safari/537.36"
[2020-06-02T18:06:49.099] [INFO] default - ::1 - - "GET /admin/project/list HTTP/1.1" 200 35 "http://localhost:8060/adminn/project/" "Mozilla/5.0 (Windows NT 6.1; Win64; x64) AppleWebKit/537.36 (KHTML, like Gecko) Chrome/83.0.4103.61 Safari/537.36"
[2020-06-02T18:06:49.146] [INFO] default - ::1 - - "GET /favicon.ico HTTP/1.1" 200 67646 "http://localhost:8060/adminn/project/" "Mozilla/5.0 (Windows NT 6.1; Win64; x64) AppleWebKit/537.36 (KHTML, like Gecko) Chrome/83.0.4103.61 Safari/537.36"
[2020-06-02T18:06:50.877] [INFO] default - ::1 - - "GET /adminn/project/ HTTP/1.1" 200 - "http://localhost:8060/adminn/project/" "Mozilla/5.0 (Windows NT 6.1; Win64; x64) AppleWebKit/537.36 (KHTML, like Gecko) Chrome/83.0.4103.61 Safari/537.36"
[2020-06-02T18:06:50.907] [WARN] default - ::1 - - "GET /adminn/static/css/app.d121765e895b40678f52b91850928e07.css HTTP/1.1" 304 - "http://localhost:8060/adminn/project/" "Mozilla/5.0 (Windows NT 6.1; Win64; x64) AppleWebKit/537.36 (KHTML, like Gecko) Chrome/83.0.4103.61 Safari/537.36"
[2020-06-02T18:06:50.907] [WARN] default - ::1 - - "GET /adminn/static/js/manifest.f23f41e6cbe7c2266df6.js HTTP/1.1" 304 - "http://localhost:8060/adminn/project/" "Mozilla/5.0 (Windows NT 6.1; Win64; x64) AppleWebKit/537.36 (KHTML, like Gecko) Chrome/83.0.4103.61 Safari/537.36"
[2020-06-02T18:06:50.909] [WARN] default - ::1 - - "GET /adminn/static/js/vendor.4334dc3262b65d602c6f.js HTTP/1.1" 304 - "http://localhost:8060/adminn/project/" "Mozilla/5.0 (Windows NT 6.1; Win64; x64) AppleWebKit/537.36 (KHTML, like Gecko) Chrome/83.0.4103.61 Safari/537.36"
[2020-06-02T18:06:50.910] [WARN] default - ::1 - - "GET /adminn/static/js/app.3c25238e860faad007fc.js HTTP/1.1" 304 - "http://localhost:8060/adminn/project/" "Mozilla/5.0 (Windows NT 6.1; Win64; x64) AppleWebKit/537.36 (KHTML, like Gecko) Chrome/83.0.4103.61 Safari/537.36"
[2020-06-02T18:06:52.500] [INFO] default - ::1 - - "POST /admin/login/signin HTTP/1.1" 200 132 "http://localhost:8060/adminn/login?redirect=%2Fproject%2F" "Mozilla/5.0 (Windows NT 6.1; Win64; x64) AppleWebKit/537.36 (KHTML, like Gecko) Chrome/83.0.4103.61 Safari/537.36"
[2020-06-02T18:06:52.512] [WARN] default - ::1 - - "GET /adminn/static/js/0.cb623e153bd24ba3da75.js HTTP/1.1" 304 - "http://localhost:8060/adminn/login?redirect=%2Fproject%2F" "Mozilla/5.0 (Windows NT 6.1; Win64; x64) AppleWebKit/537.36 (KHTML, like Gecko) Chrome/83.0.4103.61 Safari/537.36"
[2020-06-02T18:06:52.532] [WARN] default - ::1 - - "GET /adminn/static/img/logo.512.a5d1d1f.png HTTP/1.1" 304 - "http://localhost:8060/adminn/project/" "Mozilla/5.0 (Windows NT 6.1; Win64; x64) AppleWebKit/537.36 (KHTML, like Gecko) Chrome/83.0.4103.61 Safari/537.36"
[2020-06-02T18:06:52.615] [INFO] default - ::1 - - "GET /admin/project/list HTTP/1.1" 200 3788 "http://localhost:8060/adminn/project/" "Mozilla/5.0 (Windows NT 6.1; Win64; x64) AppleWebKit/537.36 (KHTML, like Gecko) Chrome/83.0.4103.61 Safari/537.36"
[2020-06-02T18:06:54.758] [ERROR] default - ::1 - - "GET /app/jujingipa/icon512.png HTTP/1.1" 404 - "http://localhost:8060/adminn/project/" "Mozilla/5.0 (Windows NT 6.1; Win64; x64) AppleWebKit/537.36 (KHTML, like Gecko) Chrome/83.0.4103.61 Safari/537.36"
[2020-06-02T18:06:57.168] [WARN] default - ::1 - - "GET /admin/project/1/apps HTTP/1.1" 304 - "http://localhost:8060/adminn/project/" "Mozilla/5.0 (Windows NT 6.1; Win64; x64) AppleWebKit/537.36 (KHTML, like Gecko) Chrome/83.0.4103.61 Safari/537.36"
[2020-06-02T18:07:00.301] [WARN] default - ::1 - - "GET /admin/project/2/apps HTTP/1.1" 304 - "http://localhost:8060/adminn/project/" "Mozilla/5.0 (Windows NT 6.1; Win64; x64) AppleWebKit/537.36 (KHTML, like Gecko) Chrome/83.0.4103.61 Safari/537.36"
[2020-06-02T18:07:08.495] [INFO] default - ::1 - - "GET /admin/project/4/apps HTTP/1.1" 200 1378 "http://localhost:8060/adminn/project/" "Mozilla/5.0 (Windows NT 6.1; Win64; x64) AppleWebKit/537.36 (KHTML, like Gecko) Chrome/83.0.4103.61 Safari/537.36"
[2020-06-02T18:07:13.245] [INFO] default - ::1 - - "GET /admin/project/7/apps HTTP/1.1" 200 53 "http://localhost:8060/adminn/project/" "Mozilla/5.0 (Windows NT 6.1; Win64; x64) AppleWebKit/537.36 (KHTML, like Gecko) Chrome/83.0.4103.61 Safari/537.36"
[2020-06-02T18:07:22.265] [WARN] default - ::1 - - "GET /admin/project/1/apps HTTP/1.1" 304 - "http://localhost:8060/adminn/project/" "Mozilla/5.0 (Windows NT 6.1; Win64; x64) AppleWebKit/537.36 (KHTML, like Gecko) Chrome/83.0.4103.61 Safari/537.36"
[2020-06-02T18:07:35.749] [ERROR] default - ::1 - - "GET /app/jujingapk.dn HTTP/1.1" 500 12 "" "Mozilla/5.0 (Windows NT 6.1; Win64; x64) AppleWebKit/537.36 (KHTML, like Gecko) Chrome/83.0.4103.61 Safari/537.36"
[2020-06-02T19:19:24.053] [ERROR] default - ::1 - - "GET /app/jujingapk.dn HTTP/1.1" 503 15 "" "Mozilla/5.0 (Windows NT 6.1; Win64; x64) AppleWebKit/537.36 (KHTML, like Gecko) Chrome/83.0.4103.61 Safari/537.36"
[2020-06-02T19:19:24.316] [INFO] default - ::1 - - "GET /favicon.ico HTTP/1.1" 200 67646 "http://localhost:8060/app/jujingapk.dn" "Mozilla/5.0 (Windows NT 6.1; Win64; x64) AppleWebKit/537.36 (KHTML, like Gecko) Chrome/83.0.4103.61 Safari/537.36"
[2020-06-02T19:19:28.120] [ERROR] default - ::1 - - "GET /app/jujingapk.dn HTTP/1.1" 503 15 "" "Mozilla/5.0 (Windows NT 6.1; Win64; x64) AppleWebKit/537.36 (KHTML, like Gecko) Chrome/83.0.4103.61 Safari/537.36"
[2020-06-02T19:19:28.234] [INFO] default - ::1 - - "GET /favicon.ico HTTP/1.1" 200 67646 "http://localhost:8060/app/jujingapk.dn" "Mozilla/5.0 (Windows NT 6.1; Win64; x64) AppleWebKit/537.36 (KHTML, like Gecko) Chrome/83.0.4103.61 Safari/537.36"
[2020-06-02T19:19:28.825] [ERROR] default - ::1 - - "GET /app/jujingapk.dn HTTP/1.1" 503 15 "" "Mozilla/5.0 (Windows NT 6.1; Win64; x64) AppleWebKit/537.36 (KHTML, like Gecko) Chrome/83.0.4103.61 Safari/537.36"
[2020-06-02T19:19:28.949] [INFO] default - ::1 - - "GET /favicon.ico HTTP/1.1" 200 67646 "http://localhost:8060/app/jujingapk.dn" "Mozilla/5.0 (Windows NT 6.1; Win64; x64) AppleWebKit/537.36 (KHTML, like Gecko) Chrome/83.0.4103.61 Safari/537.36"
[2020-06-02T19:19:29.261] [ERROR] default - ::1 - - "GET /app/jujingapk.dn HTTP/1.1" 503 15 "" "Mozilla/5.0 (Windows NT 6.1; Win64; x64) AppleWebKit/537.36 (KHTML, like Gecko) Chrome/83.0.4103.61 Safari/537.36"
[2020-06-02T19:19:29.376] [INFO] default - ::1 - - "GET /favicon.ico HTTP/1.1" 200 67646 "http://localhost:8060/app/jujingapk.dn" "Mozilla/5.0 (Windows NT 6.1; Win64; x64) AppleWebKit/537.36 (KHTML, like Gecko) Chrome/83.0.4103.61 Safari/537.36"
[2020-06-02T19:19:29.670] [ERROR] default - ::1 - - "GET /app/jujingapk.dn HTTP/1.1" 503 15 "" "Mozilla/5.0 (Windows NT 6.1; Win64; x64) AppleWebKit/537.36 (KHTML, like Gecko) Chrome/83.0.4103.61 Safari/537.36"
[2020-06-02T19:19:29.784] [INFO] default - ::1 - - "GET /favicon.ico HTTP/1.1" 200 67646 "http://localhost:8060/app/jujingapk.dn" "Mozilla/5.0 (Windows NT 6.1; Win64; x64) AppleWebKit/537.36 (KHTML, like Gecko) Chrome/83.0.4103.61 Safari/537.36"
[2020-06-02T19:19:30.037] [ERROR] default - ::1 - - "GET /app/jujingapk.dn HTTP/1.1" 503 15 "" "Mozilla/5.0 (Windows NT 6.1; Win64; x64) AppleWebKit/537.36 (KHTML, like Gecko) Chrome/83.0.4103.61 Safari/537.36"
[2020-06-02T19:19:30.159] [INFO] default - ::1 - - "GET /favicon.ico HTTP/1.1" 200 67646 "http://localhost:8060/app/jujingapk.dn" "Mozilla/5.0 (Windows NT 6.1; Win64; x64) AppleWebKit/537.36 (KHTML, like Gecko) Chrome/83.0.4103.61 Safari/537.36"
[2020-06-02T19:19:30.340] [ERROR] default - ::1 - - "GET /app/jujingapk.dn HTTP/1.1" 503 15 "" "Mozilla/5.0 (Windows NT 6.1; Win64; x64) AppleWebKit/537.36 (KHTML, like Gecko) Chrome/83.0.4103.61 Safari/537.36"
[2020-06-02T19:19:30.443] [INFO] default - ::1 - - "GET /favicon.ico HTTP/1.1" 200 67646 "http://localhost:8060/app/jujingapk.dn" "Mozilla/5.0 (Windows NT 6.1; Win64; x64) AppleWebKit/537.36 (KHTML, like Gecko) Chrome/83.0.4103.61 Safari/537.36"
[2020-06-02T19:19:58.637] [ERROR] default - ::1 - - "GET /app/tstarwalletapk.dn HTTP/1.1" 404 271 "" "Mozilla/5.0 (Windows NT 6.1; Win64; x64) AppleWebKit/537.36 (KHTML, like Gecko) Chrome/83.0.4103.61 Safari/537.36"
[2020-06-02T19:48:11.085] [ERROR] default - ::1 - - "GET / HTTP/1.1" 404 - "" "Mozilla/5.0 (Windows NT 6.1; Win64; x64) AppleWebKit/537.36 (KHTML, like Gecko) Chrome/83.0.4103.61 Safari/537.36"
[2020-06-02T19:48:15.933] [INFO] default - ::1 - - "GET /adminn/ HTTP/1.1" 200 554 "" "Mozilla/5.0 (Windows NT 6.1; Win64; x64) AppleWebKit/537.36 (KHTML, like Gecko) Chrome/83.0.4103.61 Safari/537.36"
[2020-06-02T19:48:15.969] [WARN] default - ::1 - - "GET /adminn/static/css/app.d121765e895b40678f52b91850928e07.css HTTP/1.1" 304 - "http://localhost:8060/adminn/" "Mozilla/5.0 (Windows NT 6.1; Win64; x64) AppleWebKit/537.36 (KHTML, like Gecko) Chrome/83.0.4103.61 Safari/537.36"
[2020-06-02T19:48:15.970] [WARN] default - ::1 - - "GET /adminn/static/js/manifest.f23f41e6cbe7c2266df6.js HTTP/1.1" 304 - "http://localhost:8060/adminn/" "Mozilla/5.0 (Windows NT 6.1; Win64; x64) AppleWebKit/537.36 (KHTML, like Gecko) Chrome/83.0.4103.61 Safari/537.36"
[2020-06-02T19:48:15.973] [WARN] default - ::1 - - "GET /adminn/static/js/vendor.4334dc3262b65d602c6f.js HTTP/1.1" 304 - "http://localhost:8060/adminn/" "Mozilla/5.0 (Windows NT 6.1; Win64; x64) AppleWebKit/537.36 (KHTML, like Gecko) Chrome/83.0.4103.61 Safari/537.36"
[2020-06-02T19:48:15.974] [WARN] default - ::1 - - "GET /adminn/static/js/app.3c25238e860faad007fc.js HTTP/1.1" 304 - "http://localhost:8060/adminn/" "Mozilla/5.0 (Windows NT 6.1; Win64; x64) AppleWebKit/537.36 (KHTML, like Gecko) Chrome/83.0.4103.61 Safari/537.36"
[2020-06-02T19:48:16.341] [WARN] default - ::1 - - "GET /adminn/static/js/0.cb623e153bd24ba3da75.js HTTP/1.1" 304 - "http://localhost:8060/adminn/" "Mozilla/5.0 (Windows NT 6.1; Win64; x64) AppleWebKit/537.36 (KHTML, like Gecko) Chrome/83.0.4103.61 Safari/537.36"
[2020-06-02T19:48:16.498] [WARN] default - ::1 - - "GET /adminn/static/img/logo.512.a5d1d1f.png HTTP/1.1" 304 - "http://localhost:8060/adminn/project/" "Mozilla/5.0 (Windows NT 6.1; Win64; x64) AppleWebKit/537.36 (KHTML, like Gecko) Chrome/83.0.4103.61 Safari/537.36"
[2020-06-02T19:48:16.510] [INFO] default - ::1 - - "GET /admin/project/list HTTP/1.1" 200 35 "http://localhost:8060/adminn/project/" "Mozilla/5.0 (Windows NT 6.1; Win64; x64) AppleWebKit/537.36 (KHTML, like Gecko) Chrome/83.0.4103.61 Safari/537.36"
[2020-06-02T19:48:16.528] [WARN] default - ::1 - - "GET /adminn/static/fonts/element-icons.535877f.woff HTTP/1.1" 304 - "http://localhost:8060/adminn/static/css/app.d121765e895b40678f52b91850928e07.css" "Mozilla/5.0 (Windows NT 6.1; Win64; x64) AppleWebKit/537.36 (KHTML, like Gecko) Chrome/83.0.4103.61 Safari/537.36"
[2020-06-02T19:48:18.176] [INFO] default - ::1 - - "GET /adminn/project/ HTTP/1.1" 200 - "http://localhost:8060/adminn/project/" "Mozilla/5.0 (Windows NT 6.1; Win64; x64) AppleWebKit/537.36 (KHTML, like Gecko) Chrome/83.0.4103.61 Safari/537.36"
[2020-06-02T19:48:18.209] [WARN] default - ::1 - - "GET /adminn/static/css/app.d121765e895b40678f52b91850928e07.css HTTP/1.1" 304 - "http://localhost:8060/adminn/project/" "Mozilla/5.0 (Windows NT 6.1; Win64; x64) AppleWebKit/537.36 (KHTML, like Gecko) Chrome/83.0.4103.61 Safari/537.36"
[2020-06-02T19:48:18.210] [WARN] default - ::1 - - "GET /adminn/static/js/manifest.f23f41e6cbe7c2266df6.js HTTP/1.1" 304 - "http://localhost:8060/adminn/project/" "Mozilla/5.0 (Windows NT 6.1; Win64; x64) AppleWebKit/537.36 (KHTML, like Gecko) Chrome/83.0.4103.61 Safari/537.36"
[2020-06-02T19:48:18.211] [WARN] default - ::1 - - "GET /adminn/static/js/vendor.4334dc3262b65d602c6f.js HTTP/1.1" 304 - "http://localhost:8060/adminn/project/" "Mozilla/5.0 (Windows NT 6.1; Win64; x64) AppleWebKit/537.36 (KHTML, like Gecko) Chrome/83.0.4103.61 Safari/537.36"
[2020-06-02T19:48:18.211] [WARN] default - ::1 - - "GET /adminn/static/js/app.3c25238e860faad007fc.js HTTP/1.1" 304 - "http://localhost:8060/adminn/project/" "Mozilla/5.0 (Windows NT 6.1; Win64; x64) AppleWebKit/537.36 (KHTML, like Gecko) Chrome/83.0.4103.61 Safari/537.36"
[2020-06-02T19:48:20.444] [INFO] default - ::1 - - "POST /admin/login/signin HTTP/1.1" 200 47 "http://localhost:8060/adminn/login?redirect=%2Fproject%2F" "Mozilla/5.0 (Windows NT 6.1; Win64; x64) AppleWebKit/537.36 (KHTML, like Gecko) Chrome/83.0.4103.61 Safari/537.36"
[2020-06-02T19:48:32.311] [INFO] default - ::1 - - "POST /admin/login/signin HTTP/1.1" 200 132 "http://localhost:8060/adminn/login?redirect=%2Fproject%2F" "Mozilla/5.0 (Windows NT 6.1; Win64; x64) AppleWebKit/537.36 (KHTML, like Gecko) Chrome/83.0.4103.61 Safari/537.36"
[2020-06-02T19:48:32.321] [WARN] default - ::1 - - "GET /adminn/static/js/0.cb623e153bd24ba3da75.js HTTP/1.1" 304 - "http://localhost:8060/adminn/login?redirect=%2Fproject%2F" "Mozilla/5.0 (Windows NT 6.1; Win64; x64) AppleWebKit/537.36 (KHTML, like Gecko) Chrome/83.0.4103.61 Safari/537.36"
[2020-06-02T19:48:32.345] [WARN] default - ::1 - - "GET /adminn/static/img/logo.512.a5d1d1f.png HTTP/1.1" 304 - "http://localhost:8060/adminn/project/" "Mozilla/5.0 (Windows NT 6.1; Win64; x64) AppleWebKit/537.36 (KHTML, like Gecko) Chrome/83.0.4103.61 Safari/537.36"
[2020-06-02T19:48:32.440] [INFO] default - ::1 - - "GET /admin/project/list HTTP/1.1" 200 3788 "http://localhost:8060/adminn/project/" "Mozilla/5.0 (Windows NT 6.1; Win64; x64) AppleWebKit/537.36 (KHTML, like Gecko) Chrome/83.0.4103.61 Safari/537.36"
[2020-06-02T19:48:37.676] [INFO] default - ::1 - - "GET /adminn/project/ HTTP/1.1" 200 - "http://localhost:8060/adminn/login?redirect=%2Fproject%2F" "Mozilla/5.0 (Windows NT 6.1; Win64; x64) AppleWebKit/537.36 (KHTML, like Gecko) Chrome/83.0.4103.61 Safari/537.36"
[2020-06-02T19:48:37.719] [WARN] default - ::1 - - "GET /adminn/static/css/app.d121765e895b40678f52b91850928e07.css HTTP/1.1" 304 - "http://localhost:8060/adminn/project/" "Mozilla/5.0 (Windows NT 6.1; Win64; x64) AppleWebKit/537.36 (KHTML, like Gecko) Chrome/83.0.4103.61 Safari/537.36"
[2020-06-02T19:48:37.722] [WARN] default - ::1 - - "GET /adminn/static/js/manifest.f23f41e6cbe7c2266df6.js HTTP/1.1" 304 - "http://localhost:8060/adminn/project/" "Mozilla/5.0 (Windows NT 6.1; Win64; x64) AppleWebKit/537.36 (KHTML, like Gecko) Chrome/83.0.4103.61 Safari/537.36"
[2020-06-02T19:48:37.722] [WARN] default - ::1 - - "GET /adminn/static/js/app.3c25238e860faad007fc.js HTTP/1.1" 304 - "http://localhost:8060/adminn/project/" "Mozilla/5.0 (Windows NT 6.1; Win64; x64) AppleWebKit/537.36 (KHTML, like Gecko) Chrome/83.0.4103.61 Safari/537.36"
[2020-06-02T19:48:37.724] [WARN] default - ::1 - - "GET /adminn/static/js/vendor.4334dc3262b65d602c6f.js HTTP/1.1" 304 - "http://localhost:8060/adminn/project/" "Mozilla/5.0 (Windows NT 6.1; Win64; x64) AppleWebKit/537.36 (KHTML, like Gecko) Chrome/83.0.4103.61 Safari/537.36"
[2020-06-02T19:48:38.168] [WARN] default - ::1 - - "GET /adminn/static/js/0.cb623e153bd24ba3da75.js HTTP/1.1" 304 - "http://localhost:8060/adminn/project/" "Mozilla/5.0 (Windows NT 6.1; Win64; x64) AppleWebKit/537.36 (KHTML, like Gecko) Chrome/83.0.4103.61 Safari/537.36"
[2020-06-02T19:48:38.206] [WARN] default - ::1 - - "GET /adminn/static/img/logo.512.a5d1d1f.png HTTP/1.1" 304 - "http://localhost:8060/adminn/project/" "Mozilla/5.0 (Windows NT 6.1; Win64; x64) AppleWebKit/537.36 (KHTML, like Gecko) Chrome/83.0.4103.61 Safari/537.36"
[2020-06-02T19:48:38.304] [WARN] default - ::1 - - "GET /admin/project/list HTTP/1.1" 304 - "http://localhost:8060/adminn/project/" "Mozilla/5.0 (Windows NT 6.1; Win64; x64) AppleWebKit/537.36 (KHTML, like Gecko) Chrome/83.0.4103.61 Safari/537.36"
[2020-06-02T19:48:38.480] [INFO] default - ::1 - - "GET /favicon.ico HTTP/1.1" 200 67646 "http://localhost:8060/adminn/project/" "Mozilla/5.0 (Windows NT 6.1; Win64; x64) AppleWebKit/537.36 (KHTML, like Gecko) Chrome/83.0.4103.61 Safari/537.36"
