[2019-05-04T15:22:49.617] [WARN] default - ::1 - - "GET /adminn/ HTTP/1.1" 304 - "" "Mozilla/5.0 (Windows NT 6.1; Win64; x64) AppleWebKit/537.36 (KHTML, like Gecko) Chrome/73.0.3683.103 Safari/537.36"
[2019-05-04T15:22:49.640] [WARN] default - ::1 - - "GET /adminn/static/css/app.b14b8f10fc9c1b8cb4fba24e4880f02d.css HTTP/1.1" 304 - "http://localhost:8060/adminn/" "Mozilla/5.0 (Windows NT 6.1; Win64; x64) AppleWebKit/537.36 (KHTML, like Gecko) Chrome/73.0.3683.103 Safari/537.36"
[2019-05-04T15:22:49.653] [WARN] default - ::1 - - "GET /adminn/static/js/app.cfee0fc5aef9b2d33242.js HTTP/1.1" 304 - "http://localhost:8060/adminn/" "Mozilla/5.0 (Windows NT 6.1; Win64; x64) AppleWebKit/537.36 (KHTML, like Gecko) Chrome/73.0.3683.103 Safari/537.36"
[2019-05-04T15:22:49.653] [WARN] default - ::1 - - "GET /adminn/static/js/manifest.681783ef4e0192420c59.js HTTP/1.1" 304 - "http://localhost:8060/adminn/" "Mozilla/5.0 (Windows NT 6.1; Win64; x64) AppleWebKit/537.36 (KHTML, like Gecko) Chrome/73.0.3683.103 Safari/537.36"
[2019-05-04T15:22:49.654] [WARN] default - ::1 - - "GET /adminn/static/js/vendor.3287c0c31c6b8942aea7.js HTTP/1.1" 304 - "http://localhost:8060/adminn/" "Mozilla/5.0 (Windows NT 6.1; Win64; x64) AppleWebKit/537.36 (KHTML, like Gecko) Chrome/73.0.3683.103 Safari/537.36"
[2019-05-04T15:22:49.745] [WARN] default - ::1 - - "GET /adminn/static/js/0.508169631a6dbe9910a0.js HTTP/1.1" 304 - "http://localhost:8060/adminn/" "Mozilla/5.0 (Windows NT 6.1; Win64; x64) AppleWebKit/537.36 (KHTML, like Gecko) Chrome/73.0.3683.103 Safari/537.36"
[2019-05-04T15:22:49.813] [WARN] default - ::1 - - "GET /adminn/static/img/logo.512.a5d1d1f.png HTTP/1.1" 304 - "http://localhost:8060/adminn/project/" "Mozilla/5.0 (Windows NT 6.1; Win64; x64) AppleWebKit/537.36 (KHTML, like Gecko) Chrome/73.0.3683.103 Safari/537.36"
[2019-05-04T15:22:49.829] [INFO] default - ::1 - - "GET /admin/project/list HTTP/1.1" 200 35 "http://localhost:8060/adminn/project/" "Mozilla/5.0 (Windows NT 6.1; Win64; x64) AppleWebKit/537.36 (KHTML, like Gecko) Chrome/73.0.3683.103 Safari/537.36"
[2019-05-04T15:22:49.830] [WARN] default - ::1 - - "GET /adminn/static/fonts/element-icons.535877f.woff HTTP/1.1" 304 - "http://localhost:8060/adminn/static/css/app.b14b8f10fc9c1b8cb4fba24e4880f02d.css" "Mozilla/5.0 (Windows NT 6.1; Win64; x64) AppleWebKit/537.36 (KHTML, like Gecko) Chrome/73.0.3683.103 Safari/537.36"
[2019-05-04T15:22:51.503] [INFO] default - ::1 - - "GET /adminn/project/ HTTP/1.1" 200 - "http://localhost:8060/adminn/project/" "Mozilla/5.0 (Windows NT 6.1; Win64; x64) AppleWebKit/537.36 (KHTML, like Gecko) Chrome/73.0.3683.103 Safari/537.36"
[2019-05-04T15:22:51.517] [WARN] default - ::1 - - "GET /adminn/static/css/app.b14b8f10fc9c1b8cb4fba24e4880f02d.css HTTP/1.1" 304 - "http://localhost:8060/adminn/project/" "Mozilla/5.0 (Windows NT 6.1; Win64; x64) AppleWebKit/537.36 (KHTML, like Gecko) Chrome/73.0.3683.103 Safari/537.36"
[2019-05-04T15:22:51.518] [WARN] default - ::1 - - "GET /adminn/static/js/manifest.681783ef4e0192420c59.js HTTP/1.1" 304 - "http://localhost:8060/adminn/project/" "Mozilla/5.0 (Windows NT 6.1; Win64; x64) AppleWebKit/537.36 (KHTML, like Gecko) Chrome/73.0.3683.103 Safari/537.36"
[2019-05-04T15:22:51.519] [WARN] default - ::1 - - "GET /adminn/static/js/vendor.3287c0c31c6b8942aea7.js HTTP/1.1" 304 - "http://localhost:8060/adminn/project/" "Mozilla/5.0 (Windows NT 6.1; Win64; x64) AppleWebKit/537.36 (KHTML, like Gecko) Chrome/73.0.3683.103 Safari/537.36"
[2019-05-04T15:22:51.520] [WARN] default - ::1 - - "GET /adminn/static/js/app.cfee0fc5aef9b2d33242.js HTTP/1.1" 304 - "http://localhost:8060/adminn/project/" "Mozilla/5.0 (Windows NT 6.1; Win64; x64) AppleWebKit/537.36 (KHTML, like Gecko) Chrome/73.0.3683.103 Safari/537.36"
[2019-05-04T15:23:08.447] [WARN] default - ::1 - - "GET /adminn/static/fonts/element-icons.535877f.woff HTTP/1.1" 304 - "http://localhost:8060/adminn/static/css/app.b14b8f10fc9c1b8cb4fba24e4880f02d.css" "Mozilla/5.0 (Windows NT 6.1; Win64; x64) AppleWebKit/537.36 (KHTML, like Gecko) Chrome/73.0.3683.103 Safari/537.36"
[2019-05-04T15:23:11.879] [INFO] default - ::1 - - "POST /admin/login/signin HTTP/1.1" 200 132 "http://localhost:8060/adminn/login?redirect=%2Fproject%2F" "Mozilla/5.0 (Windows NT 6.1; Win64; x64) AppleWebKit/537.36 (KHTML, like Gecko) Chrome/73.0.3683.103 Safari/537.36"
[2019-05-04T15:23:11.886] [WARN] default - ::1 - - "GET /adminn/static/js/0.508169631a6dbe9910a0.js HTTP/1.1" 304 - "http://localhost:8060/adminn/login?redirect=%2Fproject%2F" "Mozilla/5.0 (Windows NT 6.1; Win64; x64) AppleWebKit/537.36 (KHTML, like Gecko) Chrome/73.0.3683.103 Safari/537.36"
[2019-05-04T15:23:11.918] [WARN] default - ::1 - - "GET /adminn/static/img/logo.512.a5d1d1f.png HTTP/1.1" 304 - "http://localhost:8060/adminn/project/" "Mozilla/5.0 (Windows NT 6.1; Win64; x64) AppleWebKit/537.36 (KHTML, like Gecko) Chrome/73.0.3683.103 Safari/537.36"
[2019-05-04T15:23:11.924] [INFO] default - ::1 - - "GET /admin/project/list HTTP/1.1" 200 57 "http://localhost:8060/adminn/project/" "Mozilla/5.0 (Windows NT 6.1; Win64; x64) AppleWebKit/537.36 (KHTML, like Gecko) Chrome/73.0.3683.103 Safari/537.36"
[2019-05-04T15:23:37.623] [WARN] default - ::1 - - "GET /adminn/static/css/app.b14b8f10fc9c1b8cb4fba24e4880f02d.css HTTP/1.1" 304 - "http://localhost:8060/adminn/project/" "Mozilla/5.0 (Windows NT 6.1; Win64; x64) AppleWebKit/537.36 (KHTML, like Gecko) Chrome/73.0.3683.103 Safari/537.36"
[2019-05-04T15:23:39.586] [INFO] default - ::1 - - "GET /adminn/project/ HTTP/1.1" 200 - "http://localhost:8060/adminn/login?redirect=%2Fproject%2F" "Mozilla/5.0 (Windows NT 6.1; Win64; x64) AppleWebKit/537.36 (KHTML, like Gecko) Chrome/73.0.3683.103 Safari/537.36"
[2019-05-04T15:23:39.614] [WARN] default - ::1 - - "GET /adminn/static/js/manifest.681783ef4e0192420c59.js HTTP/1.1" 304 - "http://localhost:8060/adminn/project/" "Mozilla/5.0 (Windows NT 6.1; Win64; x64) AppleWebKit/537.36 (KHTML, like Gecko) Chrome/73.0.3683.103 Safari/537.36"
[2019-05-04T15:23:39.614] [WARN] default - ::1 - - "GET /adminn/static/js/vendor.3287c0c31c6b8942aea7.js HTTP/1.1" 304 - "http://localhost:8060/adminn/project/" "Mozilla/5.0 (Windows NT 6.1; Win64; x64) AppleWebKit/537.36 (KHTML, like Gecko) Chrome/73.0.3683.103 Safari/537.36"
[2019-05-04T15:23:39.614] [WARN] default - ::1 - - "GET /adminn/static/css/app.b14b8f10fc9c1b8cb4fba24e4880f02d.css HTTP/1.1" 304 - "http://localhost:8060/adminn/project/" "Mozilla/5.0 (Windows NT 6.1; Win64; x64) AppleWebKit/537.36 (KHTML, like Gecko) Chrome/73.0.3683.103 Safari/537.36"
[2019-05-04T15:23:39.614] [WARN] default - ::1 - - "GET /adminn/static/js/app.cfee0fc5aef9b2d33242.js HTTP/1.1" 304 - "http://localhost:8060/adminn/project/" "Mozilla/5.0 (Windows NT 6.1; Win64; x64) AppleWebKit/537.36 (KHTML, like Gecko) Chrome/73.0.3683.103 Safari/537.36"
[2019-05-04T15:23:39.667] [WARN] default - ::1 - - "GET /adminn/static/js/0.508169631a6dbe9910a0.js HTTP/1.1" 304 - "http://localhost:8060/adminn/project/" "Mozilla/5.0 (Windows NT 6.1; Win64; x64) AppleWebKit/537.36 (KHTML, like Gecko) Chrome/73.0.3683.103 Safari/537.36"
[2019-05-04T15:23:39.689] [WARN] default - ::1 - - "GET /adminn/static/img/logo.512.a5d1d1f.png HTTP/1.1" 304 - "http://localhost:8060/adminn/project/" "Mozilla/5.0 (Windows NT 6.1; Win64; x64) AppleWebKit/537.36 (KHTML, like Gecko) Chrome/73.0.3683.103 Safari/537.36"
[2019-05-04T15:23:39.712] [WARN] default - ::1 - - "GET /adminn/static/fonts/element-icons.535877f.woff HTTP/1.1" 304 - "http://localhost:8060/adminn/static/css/app.b14b8f10fc9c1b8cb4fba24e4880f02d.css" "Mozilla/5.0 (Windows NT 6.1; Win64; x64) AppleWebKit/537.36 (KHTML, like Gecko) Chrome/73.0.3683.103 Safari/537.36"
[2019-05-04T15:23:39.720] [WARN] default - ::1 - - "GET /admin/project/list HTTP/1.1" 304 - "http://localhost:8060/adminn/project/" "Mozilla/5.0 (Windows NT 6.1; Win64; x64) AppleWebKit/537.36 (KHTML, like Gecko) Chrome/73.0.3683.103 Safari/537.36"
[2019-05-04T15:23:39.755] [INFO] default - ::1 - - "GET /favicon.ico HTTP/1.1" 200 67646 "http://localhost:8060/adminn/project/" "Mozilla/5.0 (Windows NT 6.1; Win64; x64) AppleWebKit/537.36 (KHTML, like Gecko) Chrome/73.0.3683.103 Safari/537.36"
