[2020-06-01T17:48:58.640] [ERROR] default - ::1 - - "GET / HTTP/1.1" 404 - "" "Mozilla/5.0 (Windows NT 6.1; Win64; x64) AppleWebKit/537.36 (KHTML, like Gecko) Chrome/83.0.4103.61 Safari/537.36"
[2020-06-01T17:48:58.866] [INFO] default - ::1 - - "GET /favicon.ico HTTP/1.1" 200 67646 "http://localhost:8060/" "Mozilla/5.0 (Windows NT 6.1; Win64; x64) AppleWebKit/537.36 (KHTML, like Gecko) Chrome/83.0.4103.61 Safari/537.36"
[2020-06-01T17:49:03.421] [INFO] default - ::1 - - "GET /adminn/ HTTP/1.1" 200 554 "" "Mozilla/5.0 (Windows NT 6.1; Win64; x64) AppleWebKit/537.36 (KHTML, like Gecko) Chrome/83.0.4103.61 Safari/537.36"
[2020-06-01T17:49:03.455] [WARN] default - ::1 - - "GET /adminn/static/css/app.20d517eb6f9608ef19589e4ddc961381.css HTTP/1.1" 304 - "http://localhost:8060/adminn/" "Mozilla/5.0 (Windows NT 6.1; Win64; x64) AppleWebKit/537.36 (KHTML, like Gecko) Chrome/83.0.4103.61 Safari/537.36"
[2020-06-01T17:49:03.458] [WARN] default - ::1 - - "GET /adminn/static/js/manifest.b14c81d3e0b8438da2c4.js HTTP/1.1" 304 - "http://localhost:8060/adminn/" "Mozilla/5.0 (Windows NT 6.1; Win64; x64) AppleWebKit/537.36 (KHTML, like Gecko) Chrome/83.0.4103.61 Safari/537.36"
[2020-06-01T17:49:03.459] [WARN] default - ::1 - - "GET /adminn/static/js/vendor.0e952c6b2fe99b68296e.js HTTP/1.1" 304 - "http://localhost:8060/adminn/" "Mozilla/5.0 (Windows NT 6.1; Win64; x64) AppleWebKit/537.36 (KHTML, like Gecko) Chrome/83.0.4103.61 Safari/537.36"
[2020-06-01T17:49:03.459] [WARN] default - ::1 - - "GET /adminn/static/js/app.92f9cada6c50b5f4c38c.js HTTP/1.1" 304 - "http://localhost:8060/adminn/" "Mozilla/5.0 (Windows NT 6.1; Win64; x64) AppleWebKit/537.36 (KHTML, like Gecko) Chrome/83.0.4103.61 Safari/537.36"
[2020-06-01T17:49:05.888] [WARN] default - ::1 - - "GET /adminn/static/fonts/element-icons.535877f.woff HTTP/1.1" 304 - "http://localhost:8060/adminn/static/css/app.20d517eb6f9608ef19589e4ddc961381.css" "Mozilla/5.0 (Windows NT 6.1; Win64; x64) AppleWebKit/537.36 (KHTML, like Gecko) Chrome/83.0.4103.61 Safari/537.36"
[2020-06-01T17:49:06.041] [INFO] default - ::1 - - "POST /admin/login/signin HTTP/1.1" 200 132 "http://localhost:8060/adminn/login?redirect=%2Fproject%2F" "Mozilla/5.0 (Windows NT 6.1; Win64; x64) AppleWebKit/537.36 (KHTML, like Gecko) Chrome/83.0.4103.61 Safari/537.36"
[2020-06-01T17:49:06.059] [WARN] default - ::1 - - "GET /adminn/static/js/0.529a93c6f2b16cf91f6e.js HTTP/1.1" 304 - "http://localhost:8060/adminn/login?redirect=%2Fproject%2F" "Mozilla/5.0 (Windows NT 6.1; Win64; x64) AppleWebKit/537.36 (KHTML, like Gecko) Chrome/83.0.4103.61 Safari/537.36"
[2020-06-01T17:49:06.163] [WARN] default - ::1 - - "GET /adminn/static/img/logo.512.a5d1d1f.png HTTP/1.1" 304 - "http://localhost:8060/adminn/project/" "Mozilla/5.0 (Windows NT 6.1; Win64; x64) AppleWebKit/537.36 (KHTML, like Gecko) Chrome/83.0.4103.61 Safari/537.36"
[2020-06-01T17:49:06.175] [INFO] default - ::1 - - "GET /admin/project/list HTTP/1.1" 200 57 "http://localhost:8060/adminn/project/" "Mozilla/5.0 (Windows NT 6.1; Win64; x64) AppleWebKit/537.36 (KHTML, like Gecko) Chrome/83.0.4103.61 Safari/537.36"
[2020-06-01T17:49:38.561] [INFO] default - ::1 - - "POST /admin/project/list HTTP/1.1" 200 30 "http://localhost:8060/adminn/project/" "Mozilla/5.0 (Windows NT 6.1; Win64; x64) AppleWebKit/537.36 (KHTML, like Gecko) Chrome/83.0.4103.61 Safari/537.36"
[2020-06-01T17:49:38.589] [INFO] default - ::1 - - "GET /admin/project/list HTTP/1.1" 200 270 "http://localhost:8060/adminn/project/" "Mozilla/5.0 (Windows NT 6.1; Win64; x64) AppleWebKit/537.36 (KHTML, like Gecko) Chrome/83.0.4103.61 Safari/537.36"
[2020-06-01T19:28:02.801] [INFO] default - ::ffff:127.0.0.1 - - "POST /admin/login/signin HTTP/1.1" 200 132 "http://localhost:8080/login?redirect=%2Fproject%2F" "Mozilla/5.0 (Windows NT 6.1; Win64; x64) AppleWebKit/537.36 (KHTML, like Gecko) Chrome/83.0.4103.61 Safari/537.36"
[2020-06-01T19:28:02.967] [INFO] default - ::ffff:127.0.0.1 - - "GET /admin/project/list HTTP/1.1" 200 270 "http://localhost:8080/project/" "Mozilla/5.0 (Windows NT 6.1; Win64; x64) AppleWebKit/537.36 (KHTML, like Gecko) Chrome/83.0.4103.61 Safari/537.36"
[2020-06-01T19:44:46.119] [INFO] default - ::ffff:127.0.0.1 - - "POST /admin/project/1/apps HTTP/1.1" 200 30 "http://localhost:8080/project/" "Mozilla/5.0 (Windows NT 6.1; Win64; x64) AppleWebKit/537.36 (KHTML, like Gecko) Chrome/83.0.4103.61 Safari/537.36"
[2020-06-01T19:44:46.285] [INFO] default - ::ffff:127.0.0.1 - - "GET /admin/project/list HTTP/1.1" 200 292 "http://localhost:8080/project/" "Mozilla/5.0 (Windows NT 6.1; Win64; x64) AppleWebKit/537.36 (KHTML, like Gecko) Chrome/83.0.4103.61 Safari/537.36"
[2020-06-01T19:45:35.988] [INFO] default - ::ffff:127.0.0.1 - - "GET /admin/project/1/apps HTTP/1.1" 200 67 "http://localhost:8080/project/" "Mozilla/5.0 (Windows NT 6.1; Win64; x64) AppleWebKit/537.36 (KHTML, like Gecko) Chrome/83.0.4103.61 Safari/537.36"
[2020-06-01T19:49:46.660] [INFO] default - ::1 - - "GET /adminn/ HTTP/1.1" 200 554 "" "Mozilla/5.0 (Windows NT 6.1; Win64; x64) AppleWebKit/537.36 (KHTML, like Gecko) Chrome/83.0.4103.61 Safari/537.36"
[2020-06-01T19:49:46.701] [INFO] default - ::1 - - "GET /adminn/static/js/manifest.0e908964557ecabaac0a.js HTTP/1.1" 200 1409 "http://localhost:8060/adminn/" "Mozilla/5.0 (Windows NT 6.1; Win64; x64) AppleWebKit/537.36 (KHTML, like Gecko) Chrome/83.0.4103.61 Safari/537.36"
[2020-06-01T19:49:46.706] [INFO] default - ::1 - - "GET /adminn/static/js/app.3c25238e860faad007fc.js HTTP/1.1" 200 17141 "http://localhost:8060/adminn/" "Mozilla/5.0 (Windows NT 6.1; Win64; x64) AppleWebKit/537.36 (KHTML, like Gecko) Chrome/83.0.4103.61 Safari/537.36"
[2020-06-01T19:49:46.714] [INFO] default - ::1 - - "GET /adminn/static/css/app.d121765e895b40678f52b91850928e07.css HTTP/1.1" 200 234993 "http://localhost:8060/adminn/" "Mozilla/5.0 (Windows NT 6.1; Win64; x64) AppleWebKit/537.36 (KHTML, like Gecko) Chrome/83.0.4103.61 Safari/537.36"
[2020-06-01T19:49:46.873] [INFO] default - ::1 - - "GET /adminn/static/js/vendor.4334dc3262b65d602c6f.js HTTP/1.1" 200 882432 "http://localhost:8060/adminn/" "Mozilla/5.0 (Windows NT 6.1; Win64; x64) AppleWebKit/537.36 (KHTML, like Gecko) Chrome/83.0.4103.61 Safari/537.36"
[2020-06-01T19:49:48.358] [INFO] default - ::1 - - "GET /adminn/static/fonts/element-icons.535877f.woff HTTP/1.1" 200 28200 "http://localhost:8060/adminn/static/css/app.d121765e895b40678f52b91850928e07.css" "Mozilla/5.0 (Windows NT 6.1; Win64; x64) AppleWebKit/537.36 (KHTML, like Gecko) Chrome/83.0.4103.61 Safari/537.36"
[2020-06-01T19:49:48.415] [INFO] default - ::1 - - "POST /admin/login/signin HTTP/1.1" 200 132 "http://localhost:8060/adminn/login?redirect=%2Fproject%2F" "Mozilla/5.0 (Windows NT 6.1; Win64; x64) AppleWebKit/537.36 (KHTML, like Gecko) Chrome/83.0.4103.61 Safari/537.36"
[2020-06-01T19:49:48.429] [INFO] default - ::1 - - "GET /adminn/static/js/0.921746e94df4fa96431c.js HTTP/1.1" 200 19902 "http://localhost:8060/adminn/login?redirect=%2Fproject%2F" "Mozilla/5.0 (Windows NT 6.1; Win64; x64) AppleWebKit/537.36 (KHTML, like Gecko) Chrome/83.0.4103.61 Safari/537.36"
[2020-06-01T19:49:48.530] [INFO] default - ::1 - - "GET /adminn/static/img/logo.512.a5d1d1f.png HTTP/1.1" 200 19662 "http://localhost:8060/adminn/project/" "Mozilla/5.0 (Windows NT 6.1; Win64; x64) AppleWebKit/537.36 (KHTML, like Gecko) Chrome/83.0.4103.61 Safari/537.36"
[2020-06-01T19:49:48.532] [INFO] default - ::1 - - "GET /admin/project/list HTTP/1.1" 200 292 "http://localhost:8060/adminn/project/" "Mozilla/5.0 (Windows NT 6.1; Win64; x64) AppleWebKit/537.36 (KHTML, like Gecko) Chrome/83.0.4103.61 Safari/537.36"
